 ******* Program HYDRUS
 ******* 
 Esperance                                                               
 Date:  31. 7.2019    Time:  14:44:26
 Units: L = cm   , T = sec  , M = mmol 

----------------------------------------------------------
 Time       [T]        0.0000
----------------------------------------------------------
 Sub-region num.                     1            2
----------------------------------------------------------
 Length   [L]        0.37470E+01  0.33499E+01  0.39711E+00
 W-volume [L]        0.13908E+01  0.12555E+01  0.13525E+00
 In-flow  [L/T]      0.00000E+00  0.00000E+00  0.00000E+00
 h Mean   [L]       -0.10000E+00 -0.10000E+00 -0.10000E+00
 Top Flux [L/T]     -0.42777E-04
 Bot Flux [L/T]     -0.58000E-07
----------------------------------------------------------

----------------------------------------------------------
 Time       [T]    13718.0000
----------------------------------------------------------
 Sub-region num.                     1            2
----------------------------------------------------------
 Length   [L]        0.37470E+01  0.33499E+01  0.39711E+00
 W-volume [L]        0.13820E+01  0.12467E+01  0.13523E+00
 In-flow  [L/T]     -0.10950E-07 -0.10931E-07 -0.19288E-10
 h Mean   [L]       -0.42661E+02 -0.42856E+02 -0.41018E+02
 Top Flux [L/T]     -0.41405E-09
 Bot Flux [L/T]     -0.10859E-07
 WatBalT  [L]        0.41910E-07
 WatBalR  [%]              0.000
----------------------------------------------------------

----------------------------------------------------------
 Time       [T]    27436.0000
----------------------------------------------------------
 Sub-region num.                     1            2
----------------------------------------------------------
 Length   [L]        0.37470E+01  0.33499E+01  0.39711E+00
 W-volume [L]        0.75930E+00  0.62580E+00  0.13350E+00
 In-flow  [L/T]     -0.87329E-05 -0.87291E-05 -0.38846E-08
 h Mean   [L]       -0.19066E+04 -0.17851E+04 -0.29318E+04
 Top Flux [L/T]     -0.20806E-06
 Bot Flux [L/T]     -0.87327E-05
 WatBalT  [L]       -0.15497E-05
 WatBalR  [%]              0.000
----------------------------------------------------------

----------------------------------------------------------
 Time       [T]    41154.0000
----------------------------------------------------------
 Sub-region num.                     1            2
----------------------------------------------------------
 Length   [L]        0.37470E+01  0.33499E+01  0.39711E+00
 W-volume [L]        0.70239E+00  0.56890E+00  0.13349E+00
 In-flow  [L/T]     -0.20205E-05 -0.20201E-05 -0.43074E-09
 h Mean   [L]       -0.24625E+04 -0.24041E+04 -0.29552E+04
 Top Flux [L/T]     -0.50540E-07
 Bot Flux [L/T]     -0.20206E-05
 WatBalT  [L]       -0.17285E-05
 WatBalR  [%]              0.000
----------------------------------------------------------
 
 Calculation time [sec]  9.999990463256836E-003
