 ******* Program HYDRUS
 ******* 
 Esperance                                                               
 Date:  31. 7.2019    Time:  14:44:26
 Units: L = cm   , T = sec  , M = mmol 
 
 CosAlf,MaxIt,TolTh,  TolH
 1.000   10   0.001 1.00000
 
 TopInF,BotInF,AtmBC,SinkF,WLayer,qGWLF,FreeD,SeepF,lWat,lChem,lTemp,lRoot,lWDep
     F     T     T     F     F     F     F     F     T     F     F     F     F

Nodal point information

node      x         hOld    MatN LayN  Beta      Ah       AK      ATh     Temp    Conc(1...NS)         Sorb(1...NS)

   1      0.000     -0.100    1    1   0.000    1.000    1.000    1.000
   2     -0.130     -0.100    1    1   0.000    1.000    1.000    1.000
   3     -0.257     -0.100    1    1   0.000    1.000    1.000    1.000
   4     -0.382     -0.100    1    1   0.000    1.000    1.000    1.000
   5     -0.505     -0.100    1    1   0.000    1.000    1.000    1.000
   6     -0.625     -0.100    1    1   0.000    1.000    1.000    1.000
   7     -0.742     -0.100    1    1   0.000    1.000    1.000    1.000
   8     -0.857     -0.100    1    1   0.000    1.000    1.000    1.000
   9     -0.969     -0.100    1    1   0.000    1.000    1.000    1.000
  10     -1.078     -0.100    1    1   0.000    1.000    1.000    1.000
  11     -1.186     -0.100    1    1   0.000    1.000    1.000    1.000
  12     -1.290     -0.100    1    1   0.000    1.000    1.000    1.000
  13     -1.392     -0.100    1    1   0.000    1.000    1.000    1.000
  14     -1.492     -0.100    1    1   0.000    1.000    1.000    1.000
  15     -1.589     -0.100    1    1   0.000    1.000    1.000    1.000
  16     -1.683     -0.100    1    1   0.000    1.000    1.000    1.000
  17     -1.775     -0.100    1    1   0.000    1.000    1.000    1.000
  18     -1.864     -0.100    1    1   0.000    1.000    1.000    1.000
  19     -1.951     -0.100    1    1   0.000    1.000    1.000    1.000
  20     -2.035     -0.100    1    1   0.000    1.000    1.000    1.000
  21     -2.117     -0.100    1    1   0.000    1.000    1.000    1.000
  22     -2.196     -0.100    1    1   0.000    1.000    1.000    1.000
  23     -2.273     -0.100    1    1   0.000    1.000    1.000    1.000
  24     -2.347     -0.100    1    1   0.000    1.000    1.000    1.000
  25     -2.419     -0.100    1    1   0.000    1.000    1.000    1.000
  26     -2.488     -0.100    1    1   0.000    1.000    1.000    1.000
  27     -2.554     -0.100    1    1   0.000    1.000    1.000    1.000
  28     -2.618     -0.100    1    1   0.000    1.000    1.000    1.000
  29     -2.679     -0.100    1    1   0.000    1.000    1.000    1.000
  30     -2.738     -0.100    1    1   0.000    1.000    1.000    1.000
  31     -2.795     -0.100    1    1   0.000    1.000    1.000    1.000
  32     -2.848     -0.100    1    1   0.000    1.000    1.000    1.000
  33     -2.899     -0.100    1    1   0.000    1.000    1.000    1.000
  34     -2.948     -0.100    1    1   0.000    1.000    1.000    1.000
  35     -2.994     -0.100    1    1   0.000    1.000    1.000    1.000
  36     -3.038     -0.100    1    1   0.000    1.000    1.000    1.000
  37     -3.079     -0.100    1    1   0.000    1.000    1.000    1.000
  38     -3.118     -0.100    1    1   0.000    1.000    1.000    1.000
  39     -3.153     -0.100    1    1   0.000    1.000    1.000    1.000
  40     -3.187     -0.100    1    1   0.000    1.000    1.000    1.000
  41     -3.218     -0.100    1    1   0.000    1.000    1.000    1.000
  42     -3.246     -0.100    1    1   0.000    1.000    1.000    1.000
  43     -3.272     -0.100    1    1   0.000    1.000    1.000    1.000
  44     -3.295     -0.100    1    1   0.000    1.000    1.000    1.000
  45     -3.316     -0.100    1    1   0.000    1.000    1.000    1.000
  46     -3.334     -0.100    1    1   0.000    1.000    1.000    1.000
  47     -3.350     -0.100    1    1   0.000    1.000    1.000    1.000
  48     -3.363     -0.100    2    2   0.000    1.000    1.000    1.000
  49     -3.491     -0.100    2    2   0.000    1.000    1.000    1.000
  50     -3.619     -0.100    2    2   0.000    1.000    1.000    1.000
  51     -3.747     -0.100    2    2   0.000    1.000    1.000    1.000
end

 Number of species in the chain :   0


MatNum, Param. array:

   Mat     Qr     Qs        Alfa         n          Ks      l

    1    0.100  0.375   0.265E-02   0.174E+01   0.430E-04  0.500
    2    0.070  0.340   0.150E-03   0.700E+01   0.580E-07  0.500

       Table of Hydraulic Properties which are interpolated in simulation
       =================================================================

  theta         h        log h        C             K        log K          S          Kv
 
  0.3748  -0.100E-05 -0.6000E+01  0.0000E+00  0.4297E-04 -0.4367E+01    1.0000  0.0000E+00
  0.3748  -0.126E-05 -0.5899E+01  0.0000E+00  0.4297E-04 -0.4367E+01    1.0000  0.0000E+00
  0.3748  -0.159E-05 -0.5798E+01  0.3472E-09  0.4297E-04 -0.4367E+01    1.0000  0.0000E+00
  0.3748  -0.201E-05 -0.5697E+01  0.4123E-09  0.4297E-04 -0.4367E+01    1.0000  0.0000E+00
  0.3748  -0.254E-05 -0.5596E+01  0.4896E-09  0.4297E-04 -0.4367E+01    1.0000  0.0000E+00
  0.3748  -0.320E-05 -0.5495E+01  0.5814E-09  0.4297E-04 -0.4367E+01    1.0000  0.0000E+00
  0.3748  -0.404E-05 -0.5394E+01  0.6905E-09  0.4297E-04 -0.4367E+01    1.0000  0.0000E+00
  0.3748  -0.509E-05 -0.5293E+01  0.8200E-09  0.4297E-04 -0.4367E+01    1.0000  0.0000E+00
  0.3748  -0.643E-05 -0.5192E+01  0.9738E-09  0.4297E-04 -0.4367E+01    1.0000  0.0000E+00
  0.3748  -0.811E-05 -0.5091E+01  0.1156E-08  0.4297E-04 -0.4367E+01    1.0000  0.0000E+00
  0.3748  -0.102E-04 -0.4990E+01  0.1373E-08  0.4297E-04 -0.4367E+01    1.0000  0.0000E+00
  0.3748  -0.129E-04 -0.4889E+01  0.1631E-08  0.4297E-04 -0.4367E+01    1.0000  0.0000E+00
  0.3748  -0.163E-04 -0.4788E+01  0.1937E-08  0.4297E-04 -0.4367E+01    1.0000  0.0000E+00
  0.3748  -0.206E-04 -0.4687E+01  0.2300E-08  0.4297E-04 -0.4367E+01    1.0000  0.0000E+00
  0.3748  -0.260E-04 -0.4586E+01  0.2731E-08  0.4297E-04 -0.4367E+01    1.0000  0.0000E+00
  0.3748  -0.327E-04 -0.4485E+01  0.3244E-08  0.4297E-04 -0.4367E+01    1.0000  0.0000E+00
  0.3748  -0.413E-04 -0.4384E+01  0.3852E-08  0.4297E-04 -0.4367E+01    1.0000  0.0000E+00
  0.3748  -0.521E-04 -0.4283E+01  0.4574E-08  0.4297E-04 -0.4367E+01    1.0000  0.0000E+00
  0.3748  -0.658E-04 -0.4182E+01  0.5432E-08  0.4297E-04 -0.4367E+01    1.0000  0.0000E+00
  0.3748  -0.830E-04 -0.4081E+01  0.6451E-08  0.4297E-04 -0.4367E+01    1.0000  0.0000E+00
  0.3748  -0.105E-03 -0.3980E+01  0.7661E-08  0.4297E-04 -0.4367E+01    1.0000  0.0000E+00
  0.3748  -0.132E-03 -0.3879E+01  0.9098E-08  0.4297E-04 -0.4367E+01    1.0000  0.0000E+00
  0.3748  -0.167E-03 -0.3778E+01  0.1080E-07  0.4297E-04 -0.4367E+01    1.0000  0.0000E+00
  0.3748  -0.210E-03 -0.3677E+01  0.1283E-07  0.4297E-04 -0.4367E+01    1.0000  0.0000E+00
  0.3748  -0.266E-03 -0.3576E+01  0.1524E-07  0.4297E-04 -0.4367E+01    1.0000  0.0000E+00
  0.3748  -0.335E-03 -0.3475E+01  0.1809E-07  0.4297E-04 -0.4367E+01    1.0000  0.0000E+00
  0.3748  -0.423E-03 -0.3374E+01  0.2149E-07  0.4297E-04 -0.4367E+01    1.0000  0.0000E+00
  0.3748  -0.534E-03 -0.3273E+01  0.2552E-07  0.4297E-04 -0.4367E+01    1.0000  0.0000E+00
  0.3748  -0.673E-03 -0.3172E+01  0.3030E-07  0.4297E-04 -0.4367E+01    1.0000  0.0000E+00
  0.3748  -0.850E-03 -0.3071E+01  0.3599E-07  0.4297E-04 -0.4367E+01    1.0000  0.0000E+00
  0.3748  -0.107E-02 -0.2970E+01  0.4274E-07  0.4297E-04 -0.4367E+01    1.0000  0.0000E+00
  0.3748  -0.135E-02 -0.2869E+01  0.5075E-07  0.4296E-04 -0.4367E+01    1.0000  0.0000E+00
  0.3748  -0.171E-02 -0.2768E+01  0.6027E-07  0.4296E-04 -0.4367E+01    1.0000  0.0000E+00
  0.3748  -0.215E-02 -0.2667E+01  0.7158E-07  0.4296E-04 -0.4367E+01    1.0000  0.0000E+00
  0.3748  -0.272E-02 -0.2566E+01  0.8500E-07  0.4296E-04 -0.4367E+01    1.0000  0.0000E+00
  0.3748  -0.343E-02 -0.2465E+01  0.1009E-06  0.4296E-04 -0.4367E+01    1.0000  0.0000E+00
  0.3748  -0.433E-02 -0.2364E+01  0.1199E-06  0.4295E-04 -0.4367E+01    1.0000  0.0000E+00
  0.3748  -0.546E-02 -0.2263E+01  0.1424E-06  0.4295E-04 -0.4367E+01    1.0000  0.0000E+00
  0.3748  -0.689E-02 -0.2162E+01  0.1691E-06  0.4295E-04 -0.4367E+01    1.0000  0.0000E+00
  0.3748  -0.870E-02 -0.2061E+01  0.2008E-06  0.4294E-04 -0.4367E+01    1.0000  0.0000E+00
  0.3748  -0.110E-01 -0.1960E+01  0.2384E-06  0.4293E-04 -0.4367E+01    1.0000  0.0000E+00
  0.3748  -0.138E-01 -0.1859E+01  0.2831E-06  0.4293E-04 -0.4367E+01    1.0000  0.0000E+00
  0.3748  -0.175E-01 -0.1758E+01  0.3362E-06  0.4292E-04 -0.4367E+01    1.0000  0.0000E+00
  0.3748  -0.221E-01 -0.1657E+01  0.3993E-06  0.4291E-04 -0.4367E+01    1.0000  0.0000E+00
  0.3748  -0.278E-01 -0.1556E+01  0.4742E-06  0.4290E-04 -0.4368E+01    1.0000  0.0000E+00
  0.3748  -0.351E-01 -0.1455E+01  0.5631E-06  0.4288E-04 -0.4368E+01    1.0000  0.0000E+00
  0.3748  -0.443E-01 -0.1354E+01  0.6687E-06  0.4287E-04 -0.4368E+01    1.0000  0.1791E-35
  0.3748  -0.559E-01 -0.1253E+01  0.7942E-06  0.4285E-04 -0.4368E+01    1.0000  0.1791E-35
  0.3748  -0.705E-01 -0.1152E+01  0.9431E-06  0.4282E-04 -0.4368E+01    1.0000  0.1791E-35
  0.3748  -0.890E-01 -0.1051E+01  0.1120E-05  0.4279E-04 -0.4369E+01    1.0000  0.1805E-34
  0.3748  -0.112E+00 -0.9495E+00  0.1330E-05  0.4276E-04 -0.4369E+01    1.0000  0.6975E-34
  0.3748  -0.142E+00 -0.8485E+00  0.1580E-05  0.4272E-04 -0.4369E+01    1.0000  0.1820E-33
  0.3748  -0.179E+00 -0.7475E+00  0.1876E-05  0.4267E-04 -0.4370E+01    1.0000  0.7030E-33
  0.3748  -0.226E+00 -0.6465E+00  0.2228E-05  0.4262E-04 -0.4370E+01    1.0000  0.3859E-32
  0.3748  -0.285E+00 -0.5455E+00  0.2645E-05  0.4255E-04 -0.4371E+01    1.0000  0.1491E-31
  0.3748  -0.359E+00 -0.4444E+00  0.3142E-05  0.4247E-04 -0.4372E+01    1.0000  0.5344E-31
  0.3748  -0.453E+00 -0.3434E+00  0.3731E-05  0.4238E-04 -0.4373E+01    1.0000  0.2065E-30
  0.3748  -0.572E+00 -0.2424E+00  0.4430E-05  0.4227E-04 -0.4374E+01    1.0000  0.7711E-30
  0.3748  -0.722E+00 -0.1414E+00  0.5261E-05  0.4213E-04 -0.4375E+01    1.0000  0.2912E-29
  0.3748  -0.911E+00 -0.4040E-01  0.6248E-05  0.4198E-04 -0.4377E+01    1.0000  0.1142E-28
  0.3748  -0.115E+01  0.6061E-01  0.7420E-05  0.4179E-04 -0.4379E+01    1.0000  0.4413E-28
  0.3748  -0.145E+01  0.1616E+00  0.8811E-05  0.4157E-04 -0.4381E+01    1.0000  0.1694E-27
  0.3748  -0.183E+01  0.2626E+00  0.1046E-04  0.4131E-04 -0.4384E+01    1.0000  0.6514E-27
  0.3748  -0.231E+01  0.3636E+00  0.1242E-04  0.4101E-04 -0.4387E+01    0.9999  0.2501E-26
  0.3748  -0.292E+01  0.4646E+00  0.1475E-04  0.4064E-04 -0.4391E+01    0.9999  0.9625E-26
  0.3748  -0.368E+01  0.5657E+00  0.1752E-04  0.4021E-04 -0.4396E+01    0.9999  0.3709E-25
  0.3747  -0.464E+01  0.6667E+00  0.2080E-04  0.3970E-04 -0.4401E+01    0.9998  0.1425E-24
  0.3747  -0.586E+01  0.7677E+00  0.2469E-04  0.3910E-04 -0.4408E+01    0.9997  0.5489E-24
  0.3747  -0.739E+01  0.8687E+00  0.2931E-04  0.3840E-04 -0.4416E+01    0.9995  0.2111E-23
  0.3746  -0.933E+01  0.9697E+00  0.3478E-04  0.3757E-04 -0.4425E+01    0.9993  0.8120E-23
  0.3745  -0.118E+02  0.1071E+01  0.4125E-04  0.3659E-04 -0.4437E+01    0.9990  0.3121E-22
  0.3744  -0.148E+02  0.1172E+01  0.4891E-04  0.3545E-04 -0.4450E+01    0.9985  0.1198E-21
  0.3742  -0.187E+02  0.1273E+01  0.5793E-04  0.3412E-04 -0.4467E+01    0.9977  0.4595E-21
  0.3739  -0.236E+02  0.1374E+01  0.6854E-04  0.3257E-04 -0.4487E+01    0.9966  0.1758E-20
  0.3734  -0.298E+02  0.1475E+01  0.8093E-04  0.3079E-04 -0.4512E+01    0.9949  0.6706E-20
  0.3727  -0.376E+02  0.1576E+01  0.9529E-04  0.2874E-04 -0.4541E+01    0.9924  0.2546E-19
  0.3717  -0.475E+02  0.1677E+01  0.1117E-03  0.2642E-04 -0.4578E+01    0.9887  0.9600E-19
  0.3702  -0.599E+02  0.1778E+01  0.1303E-03  0.2382E-04 -0.4623E+01    0.9832  0.3583E-18
  0.3680  -0.756E+02  0.1879E+01  0.1505E-03  0.2096E-04 -0.4679E+01    0.9751  0.1317E-17
  0.3648  -0.955E+02  0.1980E+01  0.1716E-03  0.1789E-04 -0.4747E+01    0.9635  0.4741E-17
  0.3602  -0.120E+03  0.2081E+01  0.1923E-03  0.1470E-04 -0.4833E+01    0.9468  0.1655E-16
  0.3538  -0.152E+03  0.2182E+01  0.2101E-03  0.1154E-04 -0.4938E+01    0.9236  0.5535E-16
  0.3452  -0.192E+03  0.2283E+01  0.2221E-03  0.8557E-05 -0.5068E+01    0.8922  0.1749E-15
  0.3339  -0.242E+03  0.2384E+01  0.2252E-03  0.5946E-05 -0.5226E+01    0.8511  0.5131E-15
  0.3199  -0.305E+03  0.2485E+01  0.2171E-03  0.3843E-05 -0.5415E+01    0.7998  0.1375E-14
  0.3032  -0.385E+03  0.2586E+01  0.1980E-03  0.2300E-05 -0.5638E+01    0.7392  0.3322E-14
  0.2846  -0.486E+03  0.2687E+01  0.1703E-03  0.1277E-05 -0.5894E+01    0.6714  0.7169E-14
  0.2650  -0.614E+03  0.2788E+01  0.1387E-03  0.6611E-06 -0.6180E+01    0.6000  0.1382E-13
  0.2454  -0.774E+03  0.2889E+01  0.1075E-03  0.3224E-06 -0.6492E+01    0.5283  0.2392E-13
  0.2265  -0.977E+03  0.2990E+01  0.8009E-04  0.1498E-06 -0.6824E+01    0.4597  0.3762E-13
  0.2091  -0.123E+04  0.3091E+01  0.5780E-04  0.6705E-07 -0.7174E+01    0.3962  0.5446E-13
  0.1935  -0.156E+04  0.3192E+01  0.4074E-04  0.2919E-07 -0.7535E+01    0.3392  0.7358E-13
  0.1797  -0.196E+04  0.3293E+01  0.2823E-04  0.1246E-07 -0.7904E+01    0.2888  0.9395E-13
  0.1676  -0.248E+04  0.3394E+01  0.1933E-04  0.5246E-08 -0.8280E+01    0.2451  0.1146E-12
  0.1573  -0.313E+04  0.3495E+01  0.1313E-04  0.2187E-08 -0.8660E+01    0.2074  0.1347E-12
  0.1485  -0.394E+04  0.3596E+01  0.8864E-05  0.9060E-09 -0.9043E+01    0.1753  0.1537E-12
  0.1410  -0.498E+04  0.3697E+01  0.5962E-05  0.3736E-09 -0.9428E+01    0.1480  0.1712E-12
  0.1346  -0.628E+04  0.3798E+01  0.4000E-05  0.1536E-09 -0.9814E+01    0.1248  0.1871E-12
  0.1293  -0.792E+04  0.3899E+01  0.2678E-05  0.6303E-10 -0.1020E+02    0.1052  0.2012E-12
  0.1247  -0.100E+05  0.4000E+01  0.1792E-05  0.2583E-10 -0.1059E+02    0.0886  0.2135E-12
end
 
  0.3400  -0.100E-05 -0.6000E+01  0.0000E+00  0.5800E-07 -0.7237E+01    1.0000  0.0000E+00
  0.3400  -0.126E-05 -0.5899E+01  0.0000E+00  0.5800E-07 -0.7237E+01    1.0000  0.0000E+00
  0.3400  -0.159E-05 -0.5798E+01  0.0000E+00  0.5800E-07 -0.7237E+01    1.0000  0.0000E+00
  0.3400  -0.201E-05 -0.5697E+01  0.0000E+00  0.5800E-07 -0.7237E+01    1.0000  0.0000E+00
  0.3400  -0.254E-05 -0.5596E+01  0.0000E+00  0.5800E-07 -0.7237E+01    1.0000  0.0000E+00
  0.3400  -0.320E-05 -0.5495E+01  0.0000E+00  0.5800E-07 -0.7237E+01    1.0000  0.0000E+00
  0.3400  -0.404E-05 -0.5394E+01  0.0000E+00  0.5800E-07 -0.7237E+01    1.0000  0.0000E+00
  0.3400  -0.509E-05 -0.5293E+01  0.0000E+00  0.5800E-07 -0.7237E+01    1.0000  0.0000E+00
  0.3400  -0.643E-05 -0.5192E+01  0.0000E+00  0.5800E-07 -0.7237E+01    1.0000  0.0000E+00
  0.3400  -0.811E-05 -0.5091E+01  0.0000E+00  0.5800E-07 -0.7237E+01    1.0000  0.0000E+00
  0.3400  -0.102E-04 -0.4990E+01  0.0000E+00  0.5800E-07 -0.7237E+01    1.0000  0.0000E+00
  0.3400  -0.129E-04 -0.4889E+01  0.0000E+00  0.5800E-07 -0.7237E+01    1.0000  0.0000E+00
  0.3400  -0.163E-04 -0.4788E+01  0.0000E+00  0.5800E-07 -0.7237E+01    1.0000  0.0000E+00
  0.3400  -0.206E-04 -0.4687E+01  0.0000E+00  0.5800E-07 -0.7237E+01    1.0000  0.0000E+00
  0.3400  -0.260E-04 -0.4586E+01  0.0000E+00  0.5800E-07 -0.7237E+01    1.0000  0.0000E+00
  0.3400  -0.327E-04 -0.4485E+01  0.0000E+00  0.5800E-07 -0.7237E+01    1.0000  0.0000E+00
  0.3400  -0.413E-04 -0.4384E+01  0.0000E+00  0.5800E-07 -0.7237E+01    1.0000  0.0000E+00
  0.3400  -0.521E-04 -0.4283E+01  0.0000E+00  0.5800E-07 -0.7237E+01    1.0000  0.0000E+00
  0.3400  -0.658E-04 -0.4182E+01  0.0000E+00  0.5800E-07 -0.7237E+01    1.0000  0.0000E+00
  0.3400  -0.830E-04 -0.4081E+01  0.0000E+00  0.5800E-07 -0.7237E+01    1.0000  0.0000E+00
  0.3400  -0.105E-03 -0.3980E+01  0.0000E+00  0.5800E-07 -0.7237E+01    1.0000  0.0000E+00
  0.3400  -0.132E-03 -0.3879E+01  0.0000E+00  0.5800E-07 -0.7237E+01    1.0000  0.0000E+00
  0.3400  -0.167E-03 -0.3778E+01  0.0000E+00  0.5800E-07 -0.7237E+01    1.0000  0.0000E+00
  0.3400  -0.210E-03 -0.3677E+01  0.0000E+00  0.5800E-07 -0.7237E+01    1.0000  0.0000E+00
  0.3400  -0.266E-03 -0.3576E+01  0.0000E+00  0.5800E-07 -0.7237E+01    1.0000  0.0000E+00
  0.3400  -0.335E-03 -0.3475E+01  0.0000E+00  0.5800E-07 -0.7237E+01    1.0000  0.0000E+00
  0.3400  -0.423E-03 -0.3374E+01  0.0000E+00  0.5800E-07 -0.7237E+01    1.0000  0.0000E+00
  0.3400  -0.534E-03 -0.3273E+01  0.0000E+00  0.5800E-07 -0.7237E+01    1.0000  0.0000E+00
  0.3400  -0.673E-03 -0.3172E+01  0.0000E+00  0.5800E-07 -0.7237E+01    1.0000  0.0000E+00
  0.3400  -0.850E-03 -0.3071E+01  0.0000E+00  0.5800E-07 -0.7237E+01    1.0000  0.0000E+00
  0.3400  -0.107E-02 -0.2970E+01  0.0000E+00  0.5800E-07 -0.7237E+01    1.0000  0.0000E+00
  0.3400  -0.135E-02 -0.2869E+01  0.0000E+00  0.5800E-07 -0.7237E+01    1.0000  0.0000E+00
  0.3400  -0.171E-02 -0.2768E+01  0.0000E+00  0.5800E-07 -0.7237E+01    1.0000  0.0000E+00
  0.3400  -0.215E-02 -0.2667E+01  0.0000E+00  0.5800E-07 -0.7237E+01    1.0000  0.0000E+00
  0.3400  -0.272E-02 -0.2566E+01  0.0000E+00  0.5800E-07 -0.7237E+01    1.0000  0.0000E+00
  0.3400  -0.343E-02 -0.2465E+01  0.0000E+00  0.5800E-07 -0.7237E+01    1.0000  0.0000E+00
  0.3400  -0.433E-02 -0.2364E+01  0.0000E+00  0.5800E-07 -0.7237E+01    1.0000  0.0000E+00
  0.3400  -0.546E-02 -0.2263E+01  0.0000E+00  0.5800E-07 -0.7237E+01    1.0000  0.0000E+00
  0.3400  -0.689E-02 -0.2162E+01  0.0000E+00  0.5800E-07 -0.7237E+01    1.0000  0.0000E+00
  0.3400  -0.870E-02 -0.2061E+01  0.0000E+00  0.5800E-07 -0.7237E+01    1.0000  0.0000E+00
  0.3400  -0.110E-01 -0.1960E+01  0.0000E+00  0.5800E-07 -0.7237E+01    1.0000  0.0000E+00
  0.3400  -0.138E-01 -0.1859E+01  0.0000E+00  0.5800E-07 -0.7237E+01    1.0000  0.0000E+00
  0.3400  -0.175E-01 -0.1758E+01  0.0000E+00  0.5800E-07 -0.7237E+01    1.0000  0.0000E+00
  0.3400  -0.221E-01 -0.1657E+01  0.0000E+00  0.5800E-07 -0.7237E+01    1.0000  0.0000E+00
  0.3400  -0.278E-01 -0.1556E+01  0.0000E+00  0.5800E-07 -0.7237E+01    1.0000  0.0000E+00
  0.3400  -0.351E-01 -0.1455E+01  0.0000E+00  0.5800E-07 -0.7237E+01    1.0000  0.0000E+00
  0.3400  -0.443E-01 -0.1354E+01  0.0000E+00  0.5800E-07 -0.7237E+01    1.0000  0.0000E+00
  0.3400  -0.559E-01 -0.1253E+01  0.0000E+00  0.5800E-07 -0.7237E+01    1.0000  0.0000E+00
  0.3400  -0.705E-01 -0.1152E+01  0.0000E+00  0.5800E-07 -0.7237E+01    1.0000  0.0000E+00
  0.3400  -0.890E-01 -0.1051E+01  0.0000E+00  0.5800E-07 -0.7237E+01    1.0000  0.0000E+00
  0.3400  -0.112E+00 -0.9495E+00  0.0000E+00  0.5800E-07 -0.7237E+01    1.0000  0.0000E+00
  0.3400  -0.142E+00 -0.8485E+00  0.0000E+00  0.5800E-07 -0.7237E+01    1.0000  0.0000E+00
  0.3400  -0.179E+00 -0.7475E+00  0.0000E+00  0.5800E-07 -0.7237E+01    1.0000  0.0000E+00
  0.3400  -0.226E+00 -0.6465E+00  0.0000E+00  0.5800E-07 -0.7237E+01    1.0000  0.0000E+00
  0.3400  -0.285E+00 -0.5455E+00  0.0000E+00  0.5800E-07 -0.7237E+01    1.0000  0.0000E+00
  0.3400  -0.359E+00 -0.4444E+00  0.0000E+00  0.5800E-07 -0.7237E+01    1.0000  0.0000E+00
  0.3400  -0.453E+00 -0.3434E+00  0.0000E+00  0.5800E-07 -0.7237E+01    1.0000  0.0000E+00
  0.3400  -0.572E+00 -0.2424E+00  0.0000E+00  0.5800E-07 -0.7237E+01    1.0000  0.0000E+00
  0.3400  -0.722E+00 -0.1414E+00  0.0000E+00  0.5800E-07 -0.7237E+01    1.0000  0.0000E+00
  0.3400  -0.911E+00 -0.4040E-01  0.0000E+00  0.5800E-07 -0.7237E+01    1.0000  0.0000E+00
  0.3400  -0.115E+01  0.6061E-01  0.0000E+00  0.5800E-07 -0.7237E+01    1.0000  0.0000E+00
  0.3400  -0.145E+01  0.1616E+00  0.0000E+00  0.5800E-07 -0.7237E+01    1.0000  0.0000E+00
  0.3400  -0.183E+01  0.2626E+00  0.0000E+00  0.5800E-07 -0.7237E+01    1.0000  0.0000E+00
  0.3400  -0.231E+01  0.3636E+00  0.0000E+00  0.5800E-07 -0.7237E+01    1.0000  0.0000E+00
  0.3400  -0.292E+01  0.4646E+00  0.0000E+00  0.5800E-07 -0.7237E+01    1.0000  0.0000E+00
  0.3400  -0.368E+01  0.5657E+00  0.0000E+00  0.5800E-07 -0.7237E+01    1.0000  0.0000E+00
  0.3400  -0.464E+01  0.6667E+00  0.0000E+00  0.5800E-07 -0.7237E+01    1.0000  0.0000E+00
  0.3400  -0.586E+01  0.7677E+00  0.0000E+00  0.5800E-07 -0.7237E+01    1.0000  0.0000E+00
  0.3400  -0.739E+01  0.8687E+00  0.0000E+00  0.5800E-07 -0.7237E+01    1.0000  0.0000E+00
  0.3400  -0.933E+01  0.9697E+00  0.0000E+00  0.5800E-07 -0.7237E+01    1.0000  0.0000E+00
  0.3400  -0.118E+02  0.1071E+01  0.0000E+00  0.5800E-07 -0.7237E+01    1.0000  0.0000E+00
  0.3400  -0.148E+02  0.1172E+01  0.0000E+00  0.5800E-07 -0.7237E+01    1.0000  0.0000E+00
  0.3400  -0.187E+02  0.1273E+01  0.0000E+00  0.5800E-07 -0.7237E+01    1.0000  0.0000E+00
  0.3400  -0.236E+02  0.1374E+01  0.0000E+00  0.5800E-07 -0.7237E+01    1.0000  0.0000E+00
  0.3400  -0.298E+02  0.1475E+01  0.0000E+00  0.5800E-07 -0.7237E+01    1.0000  0.0000E+00
  0.3400  -0.376E+02  0.1576E+01  0.0000E+00  0.5800E-07 -0.7237E+01    1.0000  0.0000E+00
  0.3400  -0.475E+02  0.1677E+01  0.0000E+00  0.5800E-07 -0.7237E+01    1.0000  0.0000E+00
  0.3400  -0.599E+02  0.1778E+01  0.1285E-15  0.5800E-07 -0.7237E+01    1.0000  0.0000E+00
  0.3400  -0.756E+02  0.1879E+01  0.5187E-15  0.5800E-07 -0.7237E+01    1.0000  0.0000E+00
  0.3400  -0.955E+02  0.1980E+01  0.2094E-14  0.5800E-07 -0.7237E+01    1.0000  0.0000E+00
  0.3400  -0.120E+03  0.2081E+01  0.8453E-14  0.5800E-07 -0.7237E+01    1.0000  0.0000E+00
  0.3400  -0.152E+03  0.2182E+01  0.3412E-13  0.5800E-07 -0.7237E+01    1.0000  0.0000E+00
  0.3400  -0.192E+03  0.2283E+01  0.1378E-12  0.5800E-07 -0.7237E+01    1.0000  0.0000E+00
  0.3400  -0.242E+03  0.2384E+01  0.5561E-12  0.5800E-07 -0.7237E+01    1.0000  0.0000E+00
  0.3400  -0.305E+03  0.2485E+01  0.2245E-11  0.5800E-07 -0.7237E+01    1.0000  0.0000E+00
  0.3400  -0.385E+03  0.2586E+01  0.9064E-11  0.5800E-07 -0.7237E+01    1.0000  0.0000E+00
  0.3400  -0.486E+03  0.2687E+01  0.3659E-10  0.5800E-07 -0.7237E+01    1.0000  0.0000E+00
  0.3400  -0.614E+03  0.2788E+01  0.1477E-09  0.5800E-07 -0.7237E+01    1.0000  0.0000E+00
  0.3400  -0.774E+03  0.2889E+01  0.5963E-09  0.5800E-07 -0.7237E+01    1.0000  0.2193E-34
  0.3400  -0.977E+03  0.2990E+01  0.2407E-08  0.5800E-07 -0.7237E+01    1.0000  0.6439E-32
  0.3400  -0.123E+04  0.3091E+01  0.9719E-08  0.5800E-07 -0.7237E+01    1.0000  0.1550E-29
  0.3400  -0.156E+04  0.3192E+01  0.3923E-07  0.5798E-07 -0.7237E+01    1.0000  0.3632E-27
  0.3400  -0.196E+04  0.3293E+01  0.1583E-06  0.5792E-07 -0.7237E+01    0.9998  0.8212E-25
  0.3398  -0.248E+04  0.3394E+01  0.6383E-06  0.5767E-07 -0.7239E+01    0.9992  0.1864E-22
  0.3389  -0.313E+04  0.3495E+01  0.2558E-05  0.5666E-07 -0.7247E+01    0.9958  0.4184E-20
  0.3343  -0.394E+04  0.3596E+01  0.9947E-05  0.5266E-07 -0.7278E+01    0.9788  0.8939E-18
  0.3133  -0.498E+04  0.3697E+01  0.3357E-04  0.3922E-07 -0.7407E+01    0.9011  0.1506E-15
  0.2450  -0.628E+04  0.3798E+01  0.6638E-04  0.1397E-07 -0.7855E+01    0.6482  0.1033E-13
  0.1465  -0.792E+04  0.3899E+01  0.4463E-04  0.1240E-08 -0.8907E+01    0.2834  0.1105E-12
  0.0926  -0.100E+05  0.4000E+01  0.1280E-04  0.3797E-10 -0.1042E+02    0.0836  0.2504E-12
end
