 ******* Program HYDRUS
 ******* 
 Esperance                                                               
 Date:  31. 7.2019    Time:  14:44:26
 Units: L = cm   , T = sec  , M = mmol 


    TLevel      Time          dt      Iter    ItCum  KodT  KodB  Convergency

        1  0.1000000E+00  0.10000E+00    2        2    -4     3     T
        2  0.2000000E+00  0.10000E+00    2        4    -4     3     T
        3  0.3300000E+00  0.13000E+00    2        6    -4     3     T
        4  0.4990000E+00  0.16900E+00    2        8    -4     3     T
        5  0.7187000E+00  0.21970E+00    2       10    -4     3     T
        6  0.1004310E+01  0.28561E+00    2       12    -4     3     T
        7  0.1375603E+01  0.37129E+00    2       14    -4     3     T
        8  0.1858284E+01  0.48268E+00    2       16    -4     3     T
        9  0.2485769E+01  0.62749E+00    2       18    -4     3     T
       10  0.3301499E+01  0.81573E+00    2       20    -4     3     T
       11  0.4361949E+01  0.10604E+01    2       22    -4     3     T
       12  0.5740533E+01  0.13786E+01    2       24    -4     3     T
       13  0.7532693E+01  0.17922E+01    2       26    -4     3     T
       14  0.9862500E+01  0.23298E+01    2       28    -4     3     T
       15  0.1287625E+02  0.30137E+01    2       30    -4     3     T
       16  0.1675107E+02  0.38748E+01    2       32    -4     3     T
       17  0.2140086E+02  0.46498E+01    2       34    -4     3     T
       18  0.2760057E+02  0.61997E+01    2       36    -4     3     T
       19  0.4000000E+02  0.12399E+02    2       38    -4     3     T
       20  0.5000000E+02  0.10000E+02    2       40    -4     3     T
       21  0.6500000E+02  0.15000E+02    2       42    -4     3     T
       22  0.8000000E+02  0.15000E+02    2       44    -4     3     T
       23  0.9666667E+02  0.16667E+02    2       46    -4     3     T
       24  0.1300000E+03  0.33333E+02    2       48    -4     3     T
       25  0.1550000E+03  0.25000E+02    2       50    -4     3     T
       26  0.1800000E+03  0.25000E+02    2       52    -4     3     T
       27  0.2300000E+03  0.50000E+02    2       54    -4     3     T
       28  0.2800000E+03  0.50000E+02    2       56    -4     3     T
       29  0.3310000E+03  0.51000E+02    2       58    -4     3     T
       30  0.3810000E+03  0.50000E+02    2       60    -4     3     T
       31  0.4310000E+03  0.50000E+02    2       62    -4     3     T
       32  0.4810000E+03  0.50000E+02    2       64    -4     3     T
       33  0.5310000E+03  0.50000E+02    2       66    -4     3     T
       34  0.5810000E+03  0.50000E+02    2       68    -4     3     T
       35  0.6310000E+03  0.50000E+02    2       70    -4     3     T
       36  0.6810000E+03  0.50000E+02    2       72    -4     3     T
       37  0.7310000E+03  0.50000E+02    2       74    -4     3     T
       38  0.7810000E+03  0.50000E+02    2       76    -4     3     T
       39  0.8310000E+03  0.50000E+02    2       78    -4     3     T
       40  0.8810000E+03  0.50000E+02    2       80    -4     3     T
       41  0.9320000E+03  0.51000E+02    2       82    -4     3     T
       42  0.9820000E+03  0.50000E+02    2       84    -4     3     T
       43  0.1032000E+04  0.50000E+02    2       86    -4     3     T
       44  0.1082000E+04  0.50000E+02    2       88    -4     3     T
       45  0.1132000E+04  0.50000E+02    2       90    -4     3     T
       46  0.1232000E+04  0.10000E+03    2       92    -4     3     T
       47  0.1332000E+04  0.10000E+03    2       94    -4     3     T
       48  0.1432000E+04  0.10000E+03    2       96    -4     3     T
       49  0.1532000E+04  0.10000E+03    2       98    -4     3     T
       50  0.1632000E+04  0.10000E+03    2      100    -4     3     T
       51  0.1733000E+04  0.10100E+03    2      102    -4     3     T
       52  0.1833000E+04  0.10000E+03    2      104    -4     3     T
       53  0.1933000E+04  0.10000E+03    2      106    -4     3     T
       54  0.2033000E+04  0.10000E+03    2      108    -4     3     T
       55  0.2133000E+04  0.10000E+03    2      110    -4     3     T
       56  0.2233000E+04  0.10000E+03    2      112    -4     3     T
       57  0.2434000E+04  0.20100E+03    2      114    -4     3     T
       58  0.2634000E+04  0.20000E+03    2      116    -4     3     T
       59  0.2834000E+04  0.20000E+03    2      118    -4     3     T
       60  0.3035000E+04  0.20100E+03    2      120    -4     3     T
       61  0.3235000E+04  0.20000E+03    2      122    -4     3     T
       62  0.3435000E+04  0.20000E+03    2      124    -4     3     T
       63  0.3636000E+04  0.20100E+03    2      126    -4     3     T
       64  0.3836000E+04  0.20000E+03    2      128    -4     3     T
       65  0.4036000E+04  0.20000E+03    2      130    -4     3     T
       66  0.4236000E+04  0.20000E+03    2      132    -4     3     T
       67  0.4437000E+04  0.20100E+03    2      134    -4     3     T
       68  0.4637000E+04  0.20000E+03    2      136    -4     3     T
       69  0.4837000E+04  0.20000E+03    2      138    -4     3     T
       70  0.5037000E+04  0.20000E+03    2      140    -4     3     T
       71  0.5238000E+04  0.20100E+03    2      142    -4     3     T
       72  0.5438000E+04  0.20000E+03    2      144    -4     3     T
       73  0.5638000E+04  0.20000E+03    2      146    -4     3     T
       74  0.5839000E+04  0.20100E+03    2      148    -4     3     T
       75  0.6039000E+04  0.20000E+03    2      150    -4     3     T
       76  0.6239000E+04  0.20000E+03    2      152    -4     3     T
       77  0.6439000E+04  0.20000E+03    2      154    -4     3     T
       78  0.6640000E+04  0.20100E+03    2      156    -4     3     T
       79  0.6840000E+04  0.20000E+03    2      158    -4     3     T
       80  0.7040000E+04  0.20000E+03    2      160    -4     3     T
       81  0.7290500E+04  0.25050E+03    2      162    -4     3     T
       82  0.7541000E+04  0.25050E+03    2      164    -4     3     T
       83  0.7791500E+04  0.25050E+03    2      166    -4     3     T
       84  0.8042000E+04  0.25050E+03    2      168    -4     3     T
       85  0.8292000E+04  0.25000E+03    2      170    -4     3     T
       86  0.8542000E+04  0.25000E+03    2      172    -4     3     T
       87  0.8792500E+04  0.25050E+03    2      174    -4     3     T
       88  0.9043000E+04  0.25050E+03    2      176    -4     3     T
       89  0.9293500E+04  0.25050E+03    2      178    -4     3     T
       90  0.9544000E+04  0.25050E+03    2      180    -4     3     T
       91  0.9794000E+04  0.25000E+03    2      182    -4     3     T
       92  0.1004400E+05  0.25000E+03    2      184    -4     3     T
       93  0.1029450E+05  0.25050E+03    2      186    -4     3     T
       94  0.1054500E+05  0.25050E+03    2      188    -4     3     T
       95  0.1079550E+05  0.25050E+03    2      190    -4     3     T
       96  0.1104600E+05  0.25050E+03    2      192    -4     3     T
       97  0.1129600E+05  0.25000E+03    2      194    -4     3     T
       98  0.1154600E+05  0.25000E+03    2      196    -4     3     T
       99  0.1179650E+05  0.25050E+03    2      198    -4     3     T
      100  0.1204700E+05  0.25050E+03    2      200    -4     3     T
      101  0.1229750E+05  0.25050E+03    2      202    -4     3     T
      102  0.1254800E+05  0.25050E+03    2      204    -4     3     T
      103  0.1279850E+05  0.25050E+03    2      206    -4     3     T
      104  0.1304900E+05  0.25050E+03    2      208    -4     3     T
      105  0.1329900E+05  0.25000E+03    2      210    -4     3     T
      106  0.1354900E+05  0.25000E+03    2      212    -4     3     T
      107  0.1371800E+05  0.16900E+03    2      214    -4     3     T
      108  0.1388400E+05  0.16600E+03    2      216    -4     3     T
      109  0.1405000E+05  0.16600E+03    2      218    -4     3     T
      110  0.1430050E+05  0.25050E+03    2      220    -4     3     T
      111  0.1455100E+05  0.25050E+03    2      222    -4     3     T
      112  0.1480100E+05  0.25000E+03    2      224    -4     3     T
      113  0.1505100E+05  0.25000E+03    2      226    -4     3     T
      114  0.1530150E+05  0.25050E+03    2      228    -4     3     T
      115  0.1555200E+05  0.25050E+03    2      230    -4     3     T
      116  0.1580250E+05  0.25050E+03    2      232    -4     3     T
      117  0.1605300E+05  0.25050E+03    2      234    -4     3     T
      118  0.1630350E+05  0.25050E+03    2      236    -4     3     T
      119  0.1655400E+05  0.25050E+03    2      238    -4     3     T
      120  0.1680400E+05  0.25000E+03    2      240    -4     3     T
      121  0.1705400E+05  0.25000E+03    2      242    -4     3     T
      122  0.1730450E+05  0.25050E+03    2      244    -4     3     T
      123  0.1755500E+05  0.25050E+03    2      246    -4     3     T
      124  0.1785500E+05  0.30000E+03    2      248    -4     3     T
      125  0.1804550E+05  0.19050E+03    2      250    -4     3     T
      126  0.1823600E+05  0.19050E+03    2      252    -4     3     T
      127  0.1823610E+05  0.10000E+00    2      254    -4     3     T
      128  0.1823623E+05  0.13000E+00    4      258    -4     3     T
      129  0.1823636E+05  0.13000E+00    2      260    -4     3     T
      130  0.1823653E+05  0.16900E+00    2      262    -4     3     T
      131  0.1823675E+05  0.21970E+00    2      264    -4     3     T
      132  0.1823703E+05  0.28561E+00    2      266    -4     3     T
      133  0.1823741E+05  0.37129E+00    2      268    -4     3     T
      134  0.1823789E+05  0.48268E+00    2      270    -4     3     T
      135  0.1823852E+05  0.62749E+00    2      272    -4     3     T
      136  0.1823933E+05  0.81573E+00    2      274    -4     3     T
      137  0.1824039E+05  0.10604E+01    2      276    -4     3     T
      138  0.1824177E+05  0.13786E+01    2      278    -4     3     T
      139  0.1824356E+05  0.17922E+01    2      280    -4     3     T
      140  0.1824589E+05  0.23298E+01    2      282    -4     3     T
      141  0.1824892E+05  0.30287E+01    2      284    -4     3     T
      142  0.1825286E+05  0.39374E+01    2      286    -4     3     T
      143  0.1825831E+05  0.54488E+01    2      288    -4     3     T
      144  0.1826485E+05  0.65385E+01    2      290    -4     3     T
      145  0.1827356E+05  0.87180E+01    2      292    -4     3     T
      146  0.1828228E+05  0.87180E+01    2      294    -4     3     T
      147  0.1829100E+05  0.87180E+01    2      296    -4     3     T
      148  0.1830767E+05  0.16667E+02    2      298    -4     3     T
      149  0.1832433E+05  0.16667E+02    2      300    -4     3     T
      150  0.1834100E+05  0.16667E+02    2      302    -4     3     T
      151  0.1836600E+05  0.25000E+02    2      304    -4     3     T
      152  0.1839100E+05  0.25000E+02    2      306    -4     3     T
      153  0.1841650E+05  0.25500E+02    2      308    -4     3     T
      154  0.1844200E+05  0.25500E+02    2      310    -4     3     T
      155  0.1849200E+05  0.50000E+02    2      312    -4     3     T
      156  0.1854200E+05  0.50000E+02    2      314    -4     3     T
      157  0.1859200E+05  0.50000E+02    2      316    -4     3     T
      158  0.1865700E+05  0.65000E+02    2      318    -4     3     T
      159  0.1873200E+05  0.75000E+02    3      321    -4     3     T
      160  0.1882700E+05  0.95000E+02    3      324    -4     3     T
      161  0.1896700E+05  0.14000E+03    4      328    -4     3     T
      162  0.1911800E+05  0.15100E+03    5      333    -4     3     T
      163  0.1926800E+05  0.15000E+03    5      338    -4     3     T
      164  0.1941800E+05  0.15000E+03    5      343    -4     3     T
      165  0.1956800E+05  0.15000E+03    5      348    -4     3     T
      166  0.1971800E+05  0.15000E+03    4      352    -4     3     T
      167  0.1986900E+05  0.15100E+03    2      354    -4     3     T
      168  0.2001900E+05  0.15000E+03    2      356    -4     3     T
      169  0.2016900E+05  0.15000E+03    2      358    -4     3     T
      170  0.2031900E+05  0.15000E+03    2      360    -4     3     T
      171  0.2046900E+05  0.15000E+03    2      362    -4     3     T
      172  0.2062000E+05  0.15100E+03    2      364    -4     3     T
      173  0.2077000E+05  0.15000E+03    2      366    -4     3     T
      174  0.2092000E+05  0.15000E+03    2      368    -4     3     T
      175  0.2107000E+05  0.15000E+03    2      370    -4     3     T
      176  0.2122000E+05  0.15000E+03    2      372    -4     3     T
      177  0.2137100E+05  0.15100E+03    2      374    -4     3     T
      178  0.2152100E+05  0.15000E+03    2      376    -4     3     T
      179  0.2167100E+05  0.15000E+03    2      378    -4     3     T
      180  0.2182100E+05  0.15000E+03    2      380    -4     3     T
      181  0.2197100E+05  0.15000E+03    2      382    -4     3     T
      182  0.2212200E+05  0.15100E+03    2      384    -4     3     T
      183  0.2227200E+05  0.15000E+03    2      386    -4     3     T
      184  0.2242200E+05  0.15000E+03    2      388    -4     3     T
      185  0.2257200E+05  0.15000E+03    2      390    -4     3     T
      186  0.2272300E+05  0.15100E+03    2      392    -4     3     T
      187  0.2287300E+05  0.15000E+03    2      394    -4     3     T
      188  0.2302300E+05  0.15000E+03    2      396    -4     3     T
      189  0.2317300E+05  0.15000E+03    2      398    -4     3     T
      190  0.2332300E+05  0.15000E+03    2      400    -4     3     T
      191  0.2347400E+05  0.15100E+03    2      402    -4     3     T
      192  0.2362400E+05  0.15000E+03    2      404    -4     3     T
      193  0.2377400E+05  0.15000E+03    2      406    -4     3     T
      194  0.2392400E+05  0.15000E+03    2      408    -4     3     T
      195  0.2407400E+05  0.15000E+03    2      410    -4     3     T
      196  0.2422500E+05  0.15100E+03    2      412    -4     3     T
      197  0.2437500E+05  0.15000E+03    2      414    -4     3     T
      198  0.2452500E+05  0.15000E+03    2      416    -4     3     T
      199  0.2467500E+05  0.15000E+03    2      418    -4     3     T
      200  0.2482500E+05  0.15000E+03    2      420    -4     3     T
      201  0.2497600E+05  0.15100E+03    2      422    -4     3     T
      202  0.2512600E+05  0.15000E+03    2      424    -4     3     T
      203  0.2527600E+05  0.15000E+03    2      426    -4     3     T
      204  0.2542600E+05  0.15000E+03    2      428    -4     3     T
      205  0.2557600E+05  0.15000E+03    2      430    -4     3     T
      206  0.2572700E+05  0.15100E+03    2      432    -4     3     T
      207  0.2587700E+05  0.15000E+03    2      434    -4     3     T
      208  0.2602700E+05  0.15000E+03    2      436    -4     3     T
      209  0.2617700E+05  0.15000E+03    2      438    -4     3     T
      210  0.2632700E+05  0.15000E+03    2      440    -4     3     T
      211  0.2647800E+05  0.15100E+03    2      442    -4     3     T
      212  0.2662800E+05  0.15000E+03    2      444    -4     3     T
      213  0.2677800E+05  0.15000E+03    2      446    -4     3     T
      214  0.2692800E+05  0.15000E+03    2      448    -4     3     T
      215  0.2707800E+05  0.15000E+03    2      450    -4     3     T
      216  0.2722900E+05  0.15100E+03    2      452    -4     3     T
      217  0.2737900E+05  0.15000E+03    2      454    -4     3     T
      218  0.2743600E+05  0.57000E+02    2      456    -4     3     T
      219  0.2752900E+05  0.93000E+02    2      458    -4     3     T
      220  0.2767900E+05  0.15000E+03    2      460    -4     3     T
      221  0.2783000E+05  0.15100E+03    2      462    -4     3     T
      222  0.2798000E+05  0.15000E+03    2      464    -4     3     T
      223  0.2813000E+05  0.15000E+03    2      466    -4     3     T
      224  0.2828000E+05  0.15000E+03    2      468    -4     3     T
      225  0.2843000E+05  0.15000E+03    2      470    -4     3     T
      226  0.2858100E+05  0.15100E+03    2      472    -4     3     T
      227  0.2873100E+05  0.15000E+03    2      474    -4     3     T
      228  0.2887100E+05  0.14000E+03    2      476    -4     3     T
      229  0.2915100E+05  0.28000E+03    2      478    -4     3     T
      230  0.2945100E+05  0.30000E+03    2      480    -4     3     T
      231  0.2975100E+05  0.30000E+03    2      482    -4     3     T
      232  0.3005100E+05  0.30000E+03    2      484    -4     3     T
      233  0.3020150E+05  0.15050E+03    2      486    -4     3     T
      234  0.3035200E+05  0.15050E+03    2      488    -4     3     T
      235  0.3065200E+05  0.30000E+03    2      490    -4     3     T
      236  0.3095200E+05  0.30000E+03    2      492    -4     3     T
      237  0.3125200E+05  0.30000E+03    2      494    -4     3     T
      238  0.3155200E+05  0.30000E+03    2      496    -4     3     T
      239  0.3185200E+05  0.30000E+03    2      498    -4     3     T
      240  0.3215200E+05  0.30000E+03    2      500    -4     3     T
      241  0.3245200E+05  0.30000E+03    2      502    -4     3     T
      242  0.3275200E+05  0.30000E+03    2      504    -4     3     T
      243  0.3305200E+05  0.30000E+03    2      506    -4     3     T
      244  0.3335200E+05  0.30000E+03    2      508    -4     3     T
      245  0.3365200E+05  0.30000E+03    2      510    -4     3     T
      246  0.3395200E+05  0.30000E+03    2      512    -4     3     T
      247  0.3425200E+05  0.30000E+03    2      514    -4     3     T
      248  0.3455200E+05  0.30000E+03    2      516    -4     3     T
      249  0.3470250E+05  0.15050E+03    2      518    -4     3     T
      250  0.3485300E+05  0.15050E+03    2      520    -4     3     T
      251  0.3515300E+05  0.30000E+03    2      522    -4     3     T
      252  0.3545300E+05  0.30000E+03    2      524    -4     3     T
      253  0.3575300E+05  0.30000E+03    2      526    -4     3     T
      254  0.3605300E+05  0.30000E+03    2      528    -4     3     T
      255  0.3635300E+05  0.30000E+03    2      530    -4     3     T
      256  0.3665300E+05  0.30000E+03    2      532    -4     3     T
      257  0.3695300E+05  0.30000E+03    2      534    -4     3     T
      258  0.3725300E+05  0.30000E+03    2      536    -4     3     T
      259  0.3755300E+05  0.30000E+03    2      538    -4     3     T
      260  0.3785300E+05  0.30000E+03    2      540    -4     3     T
      261  0.3815300E+05  0.30000E+03    2      542    -4     3     T
      262  0.3845300E+05  0.30000E+03    2      544    -4     3     T
      263  0.3875300E+05  0.30000E+03    2      546    -4     3     T
      264  0.3890350E+05  0.15050E+03    2      548    -4     3     T
      265  0.3905400E+05  0.15050E+03    2      550    -4     3     T
      266  0.3935400E+05  0.30000E+03    2      552    -4     3     T
      267  0.3965400E+05  0.30000E+03    2      554    -4     3     T
      268  0.3995400E+05  0.30000E+03    2      556    -4     3     T
      269  0.4025400E+05  0.30000E+03    2      558    -4     3     T
      270  0.4055400E+05  0.30000E+03    2      560    -4     3     T
      271  0.4085400E+05  0.30000E+03    2      562    -4     3     T
      272  0.4115400E+05  0.30000E+03    2      564    -4     3     T
end
