 ******* Program HYDRUS
 ******* 
 Esperance                                                               
 Date:  31. 7.2019    Time:  14:44:26
 Units: L = cm   , T = sec  , M = mmol 

       Time          rTop        rRoot        vTop         vRoot        vBot       sum(rTop)   sum(rRoot)    sum(vTop)   sum(vRoot)    sum(vBot)      hTop         hRoot        hBot        RunOff    sum(RunOff)     Volume     sum(Infil)    sum(Evap) TLevel Cum(WTrans)  SnowLayer
        [T]         [L/T]        [L/T]        [L/T]        [L/T]        [L/T]         [L]          [L]          [L]         [L]           [L]         [L]           [L]         [L]          [L/T]         [L]          [L]          [L]          [L]

       0.1000  0.00000E+00  0.00000E+00  0.63906E-08  0.00000E+00 -0.64571E-05  0.00000E+00  0.00000E+00  0.63906E-09  0.00000E+00 -0.64571E-06 -0.11194E+01  0.00000E+00 -0.40856E+02  0.00000E+00  0.00000E+00  0.13908E+01  0.00000E+00  0.63906E-09      1  0.00000E+00      0.000
       0.2000  0.00000E+00  0.00000E+00  0.94486E-08  0.00000E+00 -0.65434E-05  0.00000E+00  0.00000E+00  0.15839E-08  0.00000E+00 -0.13000E-05 -0.98284E+00  0.00000E+00 -0.40856E+02  0.00000E+00  0.00000E+00  0.13908E+01  0.00000E+00  0.15839E-08      2  0.00000E+00      0.000
       0.3300  0.00000E+00  0.00000E+00  0.72557E-08  0.00000E+00 -0.64777E-05  0.00000E+00  0.00000E+00  0.25272E-08  0.00000E+00 -0.21422E-05 -0.12722E+01  0.00000E+00 -0.40856E+02  0.00000E+00  0.00000E+00  0.13908E+01  0.00000E+00  0.25272E-08      3  0.00000E+00      0.000
       0.4990  0.00000E+00  0.00000E+00  0.31685E-08  0.00000E+00 -0.64715E-05  0.00000E+00  0.00000E+00  0.30626E-08  0.00000E+00 -0.32358E-05 -0.13297E+01  0.00000E+00 -0.40856E+02  0.00000E+00  0.00000E+00  0.13908E+01  0.00000E+00  0.30626E-08      4  0.00000E+00      0.000
       0.7187  0.00000E+00  0.00000E+00 -0.40911E-08  0.00000E+00 -0.64399E-05  0.00000E+00  0.00000E+00  0.21638E-08  0.00000E+00 -0.46507E-05 -0.15470E+01  0.00000E+00 -0.40856E+02  0.00000E+00  0.00000E+00  0.13908E+01  0.00000E+00  0.30626E-08      5  0.00000E+00      0.000
       1.0043  0.00000E+00  0.00000E+00  0.11823E-09  0.00000E+00 -0.64160E-05  0.00000E+00  0.00000E+00  0.21976E-08  0.00000E+00 -0.64831E-05 -0.17128E+01  0.00000E+00 -0.40856E+02  0.00000E+00  0.00000E+00  0.13908E+01  0.00000E+00  0.30964E-08      6  0.00000E+00      0.000
       1.3756  0.00000E+00  0.00000E+00 -0.12068E-09  0.00000E+00 -0.63862E-05  0.00000E+00  0.00000E+00  0.21528E-08  0.00000E+00 -0.88543E-05 -0.19247E+01  0.00000E+00 -0.40856E+02  0.00000E+00  0.00000E+00  0.13908E+01  0.00000E+00  0.30964E-08      7  0.00000E+00      0.000
       1.8583  0.00000E+00  0.00000E+00  0.59259E-09  0.00000E+00 -0.63563E-05  0.00000E+00  0.00000E+00  0.24388E-08  0.00000E+00 -0.11922E-04 -0.21350E+01  0.00000E+00 -0.40856E+02  0.00000E+00  0.00000E+00  0.13908E+01  0.00000E+00  0.33824E-08      8  0.00000E+00      0.000
       2.4858  0.00000E+00  0.00000E+00  0.12188E-08  0.00000E+00 -0.63228E-05  0.00000E+00  0.00000E+00  0.32036E-08  0.00000E+00 -0.15890E-04 -0.23718E+01  0.00000E+00 -0.40856E+02  0.00000E+00  0.00000E+00  0.13908E+01  0.00000E+00  0.41472E-08      9  0.00000E+00      0.000
       3.3015  0.00000E+00  0.00000E+00  0.10115E-08  0.00000E+00 -0.62872E-05  0.00000E+00  0.00000E+00  0.40287E-08  0.00000E+00 -0.21018E-04 -0.26221E+01  0.00000E+00 -0.40856E+02  0.00000E+00  0.00000E+00  0.13908E+01  0.00000E+00  0.49724E-08     10  0.00000E+00      0.000
       4.3619  0.00000E+00  0.00000E+00  0.78752E-09  0.00000E+00 -0.62481E-05  0.00000E+00  0.00000E+00  0.48639E-08  0.00000E+00 -0.27644E-04 -0.28977E+01  0.00000E+00 -0.40856E+02  0.00000E+00  0.00000E+00  0.13908E+01  0.00000E+00  0.58075E-08     11  0.00000E+00      0.000
       5.7405  0.00000E+00  0.00000E+00 -0.63864E-10  0.00000E+00 -0.62056E-05  0.00000E+00  0.00000E+00  0.47758E-08  0.00000E+00 -0.36199E-04 -0.31957E+01  0.00000E+00 -0.40856E+02  0.00000E+00  0.00000E+00  0.13907E+01  0.00000E+00  0.58075E-08     12  0.00000E+00      0.000
       7.5327  0.00000E+00  0.00000E+00  0.46583E-09  0.00000E+00 -0.61582E-05  0.00000E+00  0.00000E+00  0.56107E-08  0.00000E+00 -0.47236E-04 -0.35243E+01  0.00000E+00 -0.40856E+02  0.00000E+00  0.00000E+00  0.13907E+01  0.00000E+00  0.66423E-08     13  0.00000E+00      0.000
       9.8625  0.00000E+00  0.00000E+00  0.18905E-09  0.00000E+00 -0.61041E-05  0.00000E+00  0.00000E+00  0.60511E-08  0.00000E+00 -0.61457E-04 -0.38934E+01  0.00000E+00 -0.40856E+02  0.00000E+00  0.00000E+00  0.13907E+01  0.00000E+00  0.70828E-08     14  0.00000E+00      0.000
      12.8763  0.00000E+00  0.00000E+00 -0.10164E-09  0.00000E+00 -0.60430E-05  0.00000E+00  0.00000E+00  0.57448E-08  0.00000E+00 -0.79669E-04 -0.43057E+01  0.00000E+00 -0.40856E+02  0.00000E+00  0.00000E+00  0.13907E+01  0.00000E+00  0.70828E-08     15  0.00000E+00      0.000
      16.7511  0.00000E+00  0.00000E+00 -0.18048E-11  0.00000E+00 -0.59735E-05  0.00000E+00  0.00000E+00  0.57378E-08  0.00000E+00 -0.10282E-03 -0.47735E+01  0.00000E+00 -0.40856E+02  0.00000E+00  0.00000E+00  0.13907E+01  0.00000E+00  0.70828E-08     16  0.00000E+00      0.000
      21.4009  0.00000E+00  0.00000E+00  0.14462E-09  0.00000E+00 -0.59002E-05  0.00000E+00  0.00000E+00  0.64103E-08  0.00000E+00 -0.13025E-03 -0.52643E+01  0.00000E+00 -0.40856E+02  0.00000E+00  0.00000E+00  0.13907E+01  0.00000E+00  0.77553E-08     17  0.00000E+00      0.000
      27.6006  0.00000E+00  0.00000E+00 -0.11826E-09  0.00000E+00 -0.58134E-05  0.00000E+00  0.00000E+00  0.56771E-08  0.00000E+00 -0.16629E-03 -0.58455E+01  0.00000E+00 -0.40856E+02  0.00000E+00  0.00000E+00  0.13906E+01  0.00000E+00  0.77553E-08     18  0.00000E+00      0.000
      40.0000  0.00000E+00  0.00000E+00 -0.98495E-10  0.00000E+00 -0.56668E-05  0.00000E+00  0.00000E+00  0.44558E-08  0.00000E+00 -0.23656E-03 -0.68224E+01  0.00000E+00 -0.40856E+02  0.00000E+00  0.00000E+00  0.13905E+01  0.00000E+00  0.77553E-08     19  0.00000E+00      0.000
      50.0000  0.00000E+00  0.00000E+00  0.88477E-10  0.00000E+00 -0.55611E-05  0.00000E+00  0.00000E+00  0.53406E-08  0.00000E+00 -0.29217E-03 -0.75291E+01  0.00000E+00 -0.40856E+02  0.00000E+00  0.00000E+00  0.13905E+01  0.00000E+00  0.86400E-08     20  0.00000E+00      0.000
      65.0000  0.00000E+00  0.00000E+00  0.40572E-10  0.00000E+00 -0.54244E-05  0.00000E+00  0.00000E+00  0.59492E-08  0.00000E+00 -0.37353E-03 -0.84382E+01  0.00000E+00 -0.40856E+02  0.00000E+00  0.00000E+00  0.13904E+01  0.00000E+00  0.92486E-08     21  0.00000E+00      0.000
      80.0000  0.00000E+00  0.00000E+00  0.67182E-10  0.00000E+00 -0.53010E-05  0.00000E+00  0.00000E+00  0.69569E-08  0.00000E+00 -0.45305E-03 -0.92615E+01  0.00000E+00 -0.40856E+02  0.00000E+00  0.00000E+00  0.13903E+01  0.00000E+00  0.10256E-07     22  0.00000E+00      0.000
      96.6667  0.00000E+00  0.00000E+00 -0.52907E-10  0.00000E+00 -0.51775E-05  0.00000E+00  0.00000E+00  0.60751E-08  0.00000E+00 -0.53934E-03 -0.10083E+02  0.00000E+00 -0.40856E+02  0.00000E+00  0.00000E+00  0.13902E+01  0.00000E+00  0.10256E-07     23  0.00000E+00      0.000
     130.0000  0.00000E+00  0.00000E+00 -0.65548E-10  0.00000E+00 -0.49654E-05  0.00000E+00  0.00000E+00  0.38902E-08  0.00000E+00 -0.70485E-03 -0.11495E+02  0.00000E+00 -0.40856E+02  0.00000E+00  0.00000E+00  0.13901E+01  0.00000E+00  0.10256E-07     24  0.00000E+00      0.000
     155.0000  0.00000E+00  0.00000E+00  0.11781E-09  0.00000E+00 -0.48203E-05  0.00000E+00  0.00000E+00  0.68354E-08  0.00000E+00 -0.82536E-03 -0.12462E+02  0.00000E+00 -0.40856E+02  0.00000E+00  0.00000E+00  0.13900E+01  0.00000E+00  0.13202E-07     25  0.00000E+00      0.000
     180.0000  0.00000E+00  0.00000E+00 -0.78408E-10  0.00000E+00 -0.46905E-05  0.00000E+00  0.00000E+00  0.48752E-08  0.00000E+00 -0.94262E-03 -0.13324E+02  0.00000E+00 -0.40856E+02  0.00000E+00  0.00000E+00  0.13898E+01  0.00000E+00  0.13202E-07     26  0.00000E+00      0.000
     230.0000  0.00000E+00  0.00000E+00 -0.12119E-09  0.00000E+00 -0.44604E-05  0.00000E+00  0.00000E+00 -0.11843E-08  0.00000E+00 -0.11656E-02 -0.14857E+02  0.00000E+00 -0.40856E+02  0.00000E+00  0.00000E+00  0.13896E+01  0.00000E+00  0.13202E-07     27  0.00000E+00      0.000
     280.0000  0.00000E+00  0.00000E+00  0.71701E-10  0.00000E+00 -0.42568E-05  0.00000E+00  0.00000E+00  0.24007E-08  0.00000E+00 -0.13785E-02 -0.16213E+02  0.00000E+00 -0.40856E+02  0.00000E+00  0.00000E+00  0.13894E+01  0.00000E+00  0.16787E-07     28  0.00000E+00      0.000
     331.0000  0.00000E+00  0.00000E+00  0.17107E-09  0.00000E+00 -0.40711E-05  0.00000E+00  0.00000E+00  0.11125E-07  0.00000E+00 -0.15861E-02 -0.17447E+02  0.00000E+00 -0.40856E+02  0.00000E+00  0.00000E+00  0.13892E+01  0.00000E+00  0.25511E-07     29  0.00000E+00      0.000
     381.0000  0.00000E+00  0.00000E+00  0.18131E-09  0.00000E+00 -0.39060E-05  0.00000E+00  0.00000E+00  0.20191E-07  0.00000E+00 -0.17814E-02 -0.18552E+02  0.00000E+00 -0.40856E+02  0.00000E+00  0.00000E+00  0.13890E+01  0.00000E+00  0.34577E-07     30  0.00000E+00      0.000
     431.0000  0.00000E+00  0.00000E+00  0.22398E-09  0.00000E+00 -0.37512E-05  0.00000E+00  0.00000E+00  0.31390E-07  0.00000E+00 -0.19690E-02 -0.19581E+02  0.00000E+00 -0.40856E+02  0.00000E+00  0.00000E+00  0.13888E+01  0.00000E+00  0.45776E-07     31  0.00000E+00      0.000
     481.0000  0.00000E+00  0.00000E+00  0.18262E-09  0.00000E+00 -0.36103E-05  0.00000E+00  0.00000E+00  0.40521E-07  0.00000E+00 -0.21495E-02 -0.20515E+02  0.00000E+00 -0.40856E+02  0.00000E+00  0.00000E+00  0.13886E+01  0.00000E+00  0.54907E-07     32  0.00000E+00      0.000
     531.0000  0.00000E+00  0.00000E+00  0.97010E-10  0.00000E+00 -0.34805E-05  0.00000E+00  0.00000E+00  0.45371E-07  0.00000E+00 -0.23235E-02 -0.21380E+02  0.00000E+00 -0.40856E+02  0.00000E+00  0.00000E+00  0.13885E+01  0.00000E+00  0.59757E-07     33  0.00000E+00      0.000
     581.0000  0.00000E+00  0.00000E+00  0.39343E-10  0.00000E+00 -0.33606E-05  0.00000E+00  0.00000E+00  0.47338E-07  0.00000E+00 -0.24915E-02 -0.22183E+02  0.00000E+00 -0.40856E+02  0.00000E+00  0.00000E+00  0.13883E+01  0.00000E+00  0.61724E-07     34  0.00000E+00      0.000
     631.0000  0.00000E+00  0.00000E+00 -0.94104E-10  0.00000E+00 -0.32454E-05  0.00000E+00  0.00000E+00  0.42633E-07  0.00000E+00 -0.26538E-02 -0.22952E+02  0.00000E+00 -0.40856E+02  0.00000E+00  0.00000E+00  0.13881E+01  0.00000E+00  0.61724E-07     35  0.00000E+00      0.000
     681.0000  0.00000E+00  0.00000E+00 -0.86871E-10  0.00000E+00 -0.31344E-05  0.00000E+00  0.00000E+00  0.38290E-07  0.00000E+00 -0.28105E-02 -0.23691E+02  0.00000E+00 -0.40856E+02  0.00000E+00  0.00000E+00  0.13880E+01  0.00000E+00  0.61724E-07     36  0.00000E+00      0.000
     731.0000  0.00000E+00  0.00000E+00 -0.77549E-10  0.00000E+00 -0.30295E-05  0.00000E+00  0.00000E+00  0.34412E-07  0.00000E+00 -0.29620E-02 -0.24387E+02  0.00000E+00 -0.40856E+02  0.00000E+00  0.00000E+00  0.13878E+01  0.00000E+00  0.61724E-07     37  0.00000E+00      0.000
     781.0000  0.00000E+00  0.00000E+00 -0.32898E-11  0.00000E+00 -0.29314E-05  0.00000E+00  0.00000E+00  0.34248E-07  0.00000E+00 -0.31086E-02 -0.25038E+02  0.00000E+00 -0.40856E+02  0.00000E+00  0.00000E+00  0.13877E+01  0.00000E+00  0.61724E-07     38  0.00000E+00      0.000
     831.0000  0.00000E+00  0.00000E+00 -0.20454E-09  0.00000E+00 -0.28394E-05  0.00000E+00  0.00000E+00  0.24021E-07  0.00000E+00 -0.32505E-02 -0.25651E+02  0.00000E+00 -0.40856E+02  0.00000E+00  0.00000E+00  0.13875E+01  0.00000E+00  0.61724E-07     39  0.00000E+00      0.000
     881.0000  0.00000E+00  0.00000E+00 -0.72454E-10  0.00000E+00 -0.27531E-05  0.00000E+00  0.00000E+00  0.20398E-07  0.00000E+00 -0.33882E-02 -0.26227E+02  0.00000E+00 -0.40856E+02  0.00000E+00  0.00000E+00  0.13874E+01  0.00000E+00  0.61724E-07     40  0.00000E+00      0.000
     932.0000  0.00000E+00  0.00000E+00 -0.18898E-09  0.00000E+00 -0.26703E-05  0.00000E+00  0.00000E+00  0.10760E-07  0.00000E+00 -0.35244E-02 -0.26781E+02  0.00000E+00 -0.40856E+02  0.00000E+00  0.00000E+00  0.13873E+01  0.00000E+00  0.61724E-07     41  0.00000E+00      0.000
     982.0000  0.00000E+00  0.00000E+00 -0.16254E-10  0.00000E+00 -0.25927E-05  0.00000E+00  0.00000E+00  0.99474E-08  0.00000E+00 -0.36540E-02 -0.27301E+02  0.00000E+00 -0.40856E+02  0.00000E+00  0.00000E+00  0.13871E+01  0.00000E+00  0.61724E-07     42  0.00000E+00      0.000
    1032.0000  0.00000E+00  0.00000E+00  0.79332E-11  0.00000E+00 -0.25172E-05  0.00000E+00  0.00000E+00  0.10344E-07  0.00000E+00 -0.37799E-02 -0.27804E+02  0.00000E+00 -0.40856E+02  0.00000E+00  0.00000E+00  0.13870E+01  0.00000E+00  0.62121E-07     43  0.00000E+00      0.000
    1082.0000  0.00000E+00  0.00000E+00  0.20875E-09  0.00000E+00 -0.24441E-05  0.00000E+00  0.00000E+00  0.20781E-07  0.00000E+00 -0.39021E-02 -0.28292E+02  0.00000E+00 -0.40856E+02  0.00000E+00  0.00000E+00  0.13869E+01  0.00000E+00  0.72558E-07     44  0.00000E+00      0.000
    1132.0000  0.00000E+00  0.00000E+00 -0.66922E-10  0.00000E+00 -0.23730E-05  0.00000E+00  0.00000E+00  0.17435E-07  0.00000E+00 -0.40207E-02 -0.28765E+02  0.00000E+00 -0.40856E+02  0.00000E+00  0.00000E+00  0.13868E+01  0.00000E+00  0.72558E-07     45  0.00000E+00      0.000
    1232.0000  0.00000E+00  0.00000E+00 -0.33456E-10  0.00000E+00 -0.22395E-05  0.00000E+00  0.00000E+00  0.14090E-07  0.00000E+00 -0.42447E-02 -0.29656E+02  0.00000E+00 -0.40856E+02  0.00000E+00  0.00000E+00  0.13865E+01  0.00000E+00  0.72558E-07     46  0.00000E+00      0.000
    1332.0000  0.00000E+00  0.00000E+00 -0.13261E-09  0.00000E+00 -0.21146E-05  0.00000E+00  0.00000E+00  0.82884E-09  0.00000E+00 -0.44561E-02 -0.30487E+02  0.00000E+00 -0.40856E+02  0.00000E+00  0.00000E+00  0.13863E+01  0.00000E+00  0.72558E-07     47  0.00000E+00      0.000
    1432.0000  0.00000E+00  0.00000E+00 -0.20762E-10  0.00000E+00 -0.20012E-05  0.00000E+00  0.00000E+00 -0.12474E-08  0.00000E+00 -0.46563E-02 -0.31240E+02  0.00000E+00 -0.40856E+02  0.00000E+00  0.00000E+00  0.13861E+01  0.00000E+00  0.72558E-07     48  0.00000E+00      0.000
    1532.0000  0.00000E+00  0.00000E+00  0.10649E-09  0.00000E+00 -0.18973E-05  0.00000E+00  0.00000E+00  0.94019E-08  0.00000E+00 -0.48460E-02 -0.31933E+02  0.00000E+00 -0.40856E+02  0.00000E+00  0.00000E+00  0.13859E+01  0.00000E+00  0.83208E-07     49  0.00000E+00      0.000
    1632.0000  0.00000E+00  0.00000E+00 -0.22351E-09  0.00000E+00 -0.18021E-05  0.00000E+00  0.00000E+00 -0.12949E-07  0.00000E+00 -0.50262E-02 -0.32569E+02  0.00000E+00 -0.40856E+02  0.00000E+00  0.00000E+00  0.13858E+01  0.00000E+00  0.83208E-07     50  0.00000E+00      0.000
    1733.0000  0.00000E+00  0.00000E+00 -0.13820E-09  0.00000E+00 -0.17133E-05  0.00000E+00  0.00000E+00 -0.26908E-07  0.00000E+00 -0.51992E-02 -0.33163E+02  0.00000E+00 -0.40856E+02  0.00000E+00  0.00000E+00  0.13856E+01  0.00000E+00  0.83208E-07     51  0.00000E+00      0.000
    1833.0000  0.00000E+00  0.00000E+00 -0.25210E-09  0.00000E+00 -0.16305E-05  0.00000E+00  0.00000E+00 -0.52118E-07  0.00000E+00 -0.53623E-02 -0.33717E+02  0.00000E+00 -0.40856E+02  0.00000E+00  0.00000E+00  0.13854E+01  0.00000E+00  0.83208E-07     52  0.00000E+00      0.000
    1933.0000  0.00000E+00  0.00000E+00  0.86462E-10  0.00000E+00 -0.15516E-05  0.00000E+00  0.00000E+00 -0.43472E-07  0.00000E+00 -0.55175E-02 -0.34243E+02  0.00000E+00 -0.40856E+02  0.00000E+00  0.00000E+00  0.13853E+01  0.00000E+00  0.91854E-07     53  0.00000E+00      0.000
    2033.0000  0.00000E+00  0.00000E+00 -0.36797E-09  0.00000E+00 -0.14767E-05  0.00000E+00  0.00000E+00 -0.80269E-07  0.00000E+00 -0.56651E-02 -0.34743E+02  0.00000E+00 -0.40856E+02  0.00000E+00  0.00000E+00  0.13851E+01  0.00000E+00  0.91854E-07     54  0.00000E+00      0.000
    2133.0000  0.00000E+00  0.00000E+00  0.10511E-09  0.00000E+00 -0.14053E-05  0.00000E+00  0.00000E+00 -0.69758E-07  0.00000E+00 -0.58057E-02 -0.35219E+02  0.00000E+00 -0.40856E+02  0.00000E+00  0.00000E+00  0.13850E+01  0.00000E+00  0.10236E-06     55  0.00000E+00      0.000
    2233.0000  0.00000E+00  0.00000E+00 -0.26318E-09  0.00000E+00 -0.13374E-05  0.00000E+00  0.00000E+00 -0.96075E-07  0.00000E+00 -0.59394E-02 -0.35672E+02  0.00000E+00 -0.40856E+02  0.00000E+00  0.00000E+00  0.13848E+01  0.00000E+00  0.10236E-06     56  0.00000E+00      0.000
    2434.0000  0.00000E+00  0.00000E+00  0.10627E-09  0.00000E+00 -0.12144E-05  0.00000E+00  0.00000E+00 -0.74714E-07  0.00000E+00 -0.61835E-02 -0.36493E+02  0.00000E+00 -0.40856E+02  0.00000E+00  0.00000E+00  0.13846E+01  0.00000E+00  0.12373E-06     57  0.00000E+00      0.000
    2634.0000  0.00000E+00  0.00000E+00 -0.20943E-09  0.00000E+00 -0.11023E-05  0.00000E+00  0.00000E+00 -0.11660E-06  0.00000E+00 -0.64040E-02 -0.37242E+02  0.00000E+00 -0.40856E+02  0.00000E+00  0.00000E+00  0.13844E+01  0.00000E+00  0.12373E-06     58  0.00000E+00      0.000
    2834.0000  0.00000E+00  0.00000E+00  0.15013E-09  0.00000E+00 -0.10011E-05  0.00000E+00  0.00000E+00 -0.86574E-07  0.00000E+00 -0.66042E-02 -0.37917E+02  0.00000E+00 -0.40856E+02  0.00000E+00  0.00000E+00  0.13842E+01  0.00000E+00  0.15375E-06     59  0.00000E+00      0.000
    3035.0000  0.00000E+00  0.00000E+00 -0.40079E-09  0.00000E+00 -0.91094E-06  0.00000E+00  0.00000E+00 -0.16713E-06  0.00000E+00 -0.67873E-02 -0.38518E+02  0.00000E+00 -0.40856E+02  0.00000E+00  0.00000E+00  0.13840E+01  0.00000E+00  0.15375E-06     60  0.00000E+00      0.000
    3235.0000  0.00000E+00  0.00000E+00 -0.71264E-10  0.00000E+00 -0.83121E-06  0.00000E+00  0.00000E+00 -0.18139E-06  0.00000E+00 -0.69535E-02 -0.39050E+02  0.00000E+00 -0.40856E+02  0.00000E+00  0.00000E+00  0.13838E+01  0.00000E+00  0.15375E-06     61  0.00000E+00      0.000
    3435.0000  0.00000E+00  0.00000E+00 -0.25635E-09  0.00000E+00 -0.76013E-06  0.00000E+00  0.00000E+00 -0.23266E-06  0.00000E+00 -0.71055E-02 -0.39524E+02  0.00000E+00 -0.40856E+02  0.00000E+00  0.00000E+00  0.13837E+01  0.00000E+00  0.15375E-06     62  0.00000E+00      0.000
    3636.0000  0.00000E+00  0.00000E+00 -0.19444E-09  0.00000E+00 -0.69613E-06  0.00000E+00  0.00000E+00 -0.27174E-06  0.00000E+00 -0.72455E-02 -0.39952E+02  0.00000E+00 -0.40856E+02  0.00000E+00  0.00000E+00  0.13835E+01  0.00000E+00  0.15375E-06     63  0.00000E+00      0.000
    3836.0000  0.00000E+00  0.00000E+00  0.73249E-10  0.00000E+00 -0.63880E-06  0.00000E+00  0.00000E+00 -0.25709E-06  0.00000E+00 -0.73732E-02 -0.40335E+02  0.00000E+00 -0.40856E+02  0.00000E+00  0.00000E+00  0.13834E+01  0.00000E+00  0.16840E-06     64  0.00000E+00      0.000
    4036.0000  0.00000E+00  0.00000E+00 -0.29742E-09  0.00000E+00 -0.58703E-06  0.00000E+00  0.00000E+00 -0.31657E-06  0.00000E+00 -0.74906E-02 -0.40681E+02  0.00000E+00 -0.40856E+02  0.00000E+00  0.00000E+00  0.13833E+01  0.00000E+00  0.16840E-06     65  0.00000E+00      0.000
    4236.0000  0.00000E+00  0.00000E+00  0.27187E-09  0.00000E+00 -0.54012E-06  0.00000E+00  0.00000E+00 -0.26220E-06  0.00000E+00 -0.75986E-02 -0.40995E+02  0.00000E+00 -0.40856E+02  0.00000E+00  0.00000E+00  0.13832E+01  0.00000E+00  0.22278E-06     66  0.00000E+00      0.000
    4437.0000  0.00000E+00  0.00000E+00  0.22405E-09  0.00000E+00 -0.49695E-06  0.00000E+00  0.00000E+00 -0.21716E-06  0.00000E+00 -0.76985E-02 -0.41283E+02  0.00000E+00 -0.40856E+02  0.00000E+00  0.00000E+00  0.13831E+01  0.00000E+00  0.26781E-06     67  0.00000E+00      0.000
    4637.0000  0.00000E+00  0.00000E+00  0.28810E-09  0.00000E+00 -0.45742E-06  0.00000E+00  0.00000E+00 -0.15954E-06  0.00000E+00 -0.77900E-02 -0.41548E+02  0.00000E+00 -0.40856E+02  0.00000E+00  0.00000E+00  0.13830E+01  0.00000E+00  0.32543E-06     68  0.00000E+00      0.000
    4837.0000  0.00000E+00  0.00000E+00 -0.40127E-09  0.00000E+00 -0.42105E-06  0.00000E+00  0.00000E+00 -0.23980E-06  0.00000E+00 -0.78742E-02 -0.41790E+02  0.00000E+00 -0.40856E+02  0.00000E+00  0.00000E+00  0.13829E+01  0.00000E+00  0.32543E-06     69  0.00000E+00      0.000
    5037.0000  0.00000E+00  0.00000E+00 -0.22080E-09  0.00000E+00 -0.38758E-06  0.00000E+00  0.00000E+00 -0.28396E-06  0.00000E+00 -0.79517E-02 -0.42014E+02  0.00000E+00 -0.40856E+02  0.00000E+00  0.00000E+00  0.13828E+01  0.00000E+00  0.32543E-06     70  0.00000E+00      0.000
    5238.0000  0.00000E+00  0.00000E+00  0.81037E-11  0.00000E+00 -0.35665E-06  0.00000E+00  0.00000E+00 -0.28233E-06  0.00000E+00 -0.80234E-02 -0.42221E+02  0.00000E+00 -0.40856E+02  0.00000E+00  0.00000E+00  0.13828E+01  0.00000E+00  0.32706E-06     71  0.00000E+00      0.000
    5438.0000  0.00000E+00  0.00000E+00  0.28482E-09  0.00000E+00 -0.32830E-06  0.00000E+00  0.00000E+00 -0.22537E-06  0.00000E+00 -0.80891E-02 -0.42410E+02  0.00000E+00 -0.40856E+02  0.00000E+00  0.00000E+00  0.13827E+01  0.00000E+00  0.38402E-06     72  0.00000E+00      0.000
    5638.0000  0.00000E+00  0.00000E+00 -0.21943E-09  0.00000E+00 -0.30219E-06  0.00000E+00  0.00000E+00 -0.26925E-06  0.00000E+00 -0.81495E-02 -0.42584E+02  0.00000E+00 -0.40856E+02  0.00000E+00  0.00000E+00  0.13826E+01  0.00000E+00  0.38402E-06     73  0.00000E+00      0.000
    5839.0000  0.00000E+00  0.00000E+00  0.12451E-09  0.00000E+00 -0.27805E-06  0.00000E+00  0.00000E+00 -0.24423E-06  0.00000E+00 -0.82054E-02 -0.42746E+02  0.00000E+00 -0.40856E+02  0.00000E+00  0.00000E+00  0.13826E+01  0.00000E+00  0.40905E-06     74  0.00000E+00      0.000
    6039.0000  0.00000E+00  0.00000E+00 -0.29705E-09  0.00000E+00 -0.25593E-06  0.00000E+00  0.00000E+00 -0.30364E-06  0.00000E+00 -0.82566E-02 -0.42893E+02  0.00000E+00 -0.40856E+02  0.00000E+00  0.00000E+00  0.13825E+01  0.00000E+00  0.40905E-06     75  0.00000E+00      0.000
    6239.0000  0.00000E+00  0.00000E+00  0.12941E-09  0.00000E+00 -0.23560E-06  0.00000E+00  0.00000E+00 -0.27775E-06  0.00000E+00 -0.83037E-02 -0.43029E+02  0.00000E+00 -0.40856E+02  0.00000E+00  0.00000E+00  0.13825E+01  0.00000E+00  0.43493E-06     76  0.00000E+00      0.000
    6439.0000  0.00000E+00  0.00000E+00 -0.24354E-09  0.00000E+00 -0.21687E-06  0.00000E+00  0.00000E+00 -0.32646E-06  0.00000E+00 -0.83471E-02 -0.43154E+02  0.00000E+00 -0.40856E+02  0.00000E+00  0.00000E+00  0.13824E+01  0.00000E+00  0.43493E-06     77  0.00000E+00      0.000
    6640.0000  0.00000E+00  0.00000E+00  0.23603E-09  0.00000E+00 -0.19957E-06  0.00000E+00  0.00000E+00 -0.27902E-06  0.00000E+00 -0.83872E-02 -0.43270E+02  0.00000E+00 -0.40856E+02  0.00000E+00  0.00000E+00  0.13824E+01  0.00000E+00  0.48237E-06     78  0.00000E+00      0.000
    6840.0000  0.00000E+00  0.00000E+00 -0.60906E-10  0.00000E+00 -0.18370E-06  0.00000E+00  0.00000E+00 -0.29120E-06  0.00000E+00 -0.84240E-02 -0.43376E+02  0.00000E+00 -0.40856E+02  0.00000E+00  0.00000E+00  0.13824E+01  0.00000E+00  0.48237E-06     79  0.00000E+00      0.000
    7040.0000  0.00000E+00  0.00000E+00 -0.34841E-09  0.00000E+00 -0.16909E-06  0.00000E+00  0.00000E+00 -0.36088E-06  0.00000E+00 -0.84578E-02 -0.43474E+02  0.00000E+00 -0.40856E+02  0.00000E+00  0.00000E+00  0.13823E+01  0.00000E+00  0.48237E-06     80  0.00000E+00      0.000
    7290.5000  0.00000E+00  0.00000E+00  0.14340E-09  0.00000E+00 -0.15265E-06  0.00000E+00  0.00000E+00 -0.32496E-06  0.00000E+00 -0.84960E-02 -0.43583E+02  0.00000E+00 -0.40856E+02  0.00000E+00  0.00000E+00  0.13823E+01  0.00000E+00  0.51830E-06     81  0.00000E+00      0.000
    7541.0000  0.00000E+00  0.00000E+00 -0.15575E-09  0.00000E+00 -0.13772E-06  0.00000E+00  0.00000E+00 -0.36398E-06  0.00000E+00 -0.85305E-02 -0.43683E+02  0.00000E+00 -0.40856E+02  0.00000E+00  0.00000E+00  0.13823E+01  0.00000E+00  0.51830E-06     82  0.00000E+00      0.000
    7791.5000  0.00000E+00  0.00000E+00  0.39386E-09  0.00000E+00 -0.12430E-06  0.00000E+00  0.00000E+00 -0.26532E-06  0.00000E+00 -0.85616E-02 -0.43773E+02  0.00000E+00 -0.40856E+02  0.00000E+00  0.00000E+00  0.13822E+01  0.00000E+00  0.61696E-06     83  0.00000E+00      0.000
    8042.0000  0.00000E+00  0.00000E+00  0.16329E-09  0.00000E+00 -0.11217E-06  0.00000E+00  0.00000E+00 -0.22441E-06  0.00000E+00 -0.85897E-02 -0.43854E+02  0.00000E+00 -0.40856E+02  0.00000E+00  0.00000E+00  0.13822E+01  0.00000E+00  0.65786E-06     84  0.00000E+00      0.000
    8292.0000  0.00000E+00  0.00000E+00 -0.48029E-10  0.00000E+00 -0.10123E-06  0.00000E+00  0.00000E+00 -0.23642E-06  0.00000E+00 -0.86150E-02 -0.43927E+02  0.00000E+00 -0.40856E+02  0.00000E+00  0.00000E+00  0.13822E+01  0.00000E+00  0.65786E-06     85  0.00000E+00      0.000
    8542.0000  0.00000E+00  0.00000E+00 -0.24059E-09  0.00000E+00 -0.91357E-07  0.00000E+00  0.00000E+00 -0.29657E-06  0.00000E+00 -0.86379E-02 -0.43993E+02  0.00000E+00 -0.40856E+02  0.00000E+00  0.00000E+00  0.13821E+01  0.00000E+00  0.65786E-06     86  0.00000E+00      0.000
    8792.5000  0.00000E+00  0.00000E+00  0.38584E-09  0.00000E+00 -0.82443E-07  0.00000E+00  0.00000E+00 -0.19991E-06  0.00000E+00 -0.86585E-02 -0.44053E+02  0.00000E+00 -0.40856E+02  0.00000E+00  0.00000E+00  0.13821E+01  0.00000E+00  0.75451E-06     87  0.00000E+00      0.000
    9043.0000  0.00000E+00  0.00000E+00  0.22402E-09  0.00000E+00 -0.74402E-07  0.00000E+00  0.00000E+00 -0.14380E-06  0.00000E+00 -0.86772E-02 -0.44106E+02  0.00000E+00 -0.40856E+02  0.00000E+00  0.00000E+00  0.13821E+01  0.00000E+00  0.81063E-06     88  0.00000E+00      0.000
    9293.5000  0.00000E+00  0.00000E+00  0.93071E-10  0.00000E+00 -0.67154E-07  0.00000E+00  0.00000E+00 -0.12048E-06  0.00000E+00 -0.86940E-02 -0.44155E+02  0.00000E+00 -0.40856E+02  0.00000E+00  0.00000E+00  0.13821E+01  0.00000E+00  0.83394E-06     89  0.00000E+00      0.000
    9544.0000  0.00000E+00  0.00000E+00 -0.30192E-10  0.00000E+00 -0.60589E-07  0.00000E+00  0.00000E+00 -0.12805E-06  0.00000E+00 -0.87092E-02 -0.44199E+02  0.00000E+00 -0.40856E+02  0.00000E+00  0.00000E+00  0.13821E+01  0.00000E+00  0.83394E-06     90  0.00000E+00      0.000
    9794.0000  0.00000E+00  0.00000E+00 -0.15138E-09  0.00000E+00 -0.54679E-07  0.00000E+00  0.00000E+00 -0.16589E-06  0.00000E+00 -0.87228E-02 -0.44238E+02  0.00000E+00 -0.40856E+02  0.00000E+00  0.00000E+00  0.13821E+01  0.00000E+00  0.83394E-06     91  0.00000E+00      0.000
   10044.0000  0.00000E+00  0.00000E+00 -0.25173E-09  0.00000E+00 -0.49350E-07  0.00000E+00  0.00000E+00 -0.22882E-06  0.00000E+00 -0.87352E-02 -0.44274E+02  0.00000E+00 -0.40856E+02  0.00000E+00  0.00000E+00  0.13820E+01  0.00000E+00  0.83394E-06     92  0.00000E+00      0.000
   10294.5000  0.00000E+00  0.00000E+00 -0.35384E-09  0.00000E+00 -0.44528E-07  0.00000E+00  0.00000E+00 -0.31746E-06  0.00000E+00 -0.87463E-02 -0.44306E+02  0.00000E+00 -0.40856E+02  0.00000E+00  0.00000E+00  0.13820E+01  0.00000E+00  0.83394E-06     93  0.00000E+00      0.000
   10545.0000  0.00000E+00  0.00000E+00  0.36624E-09  0.00000E+00 -0.40182E-07  0.00000E+00  0.00000E+00 -0.22572E-06  0.00000E+00 -0.87564E-02 -0.44335E+02  0.00000E+00 -0.40856E+02  0.00000E+00  0.00000E+00  0.13820E+01  0.00000E+00  0.92569E-06     94  0.00000E+00      0.000
   10795.5000  0.00000E+00  0.00000E+00  0.28901E-09  0.00000E+00 -0.36267E-07  0.00000E+00  0.00000E+00 -0.15332E-06  0.00000E+00 -0.87655E-02 -0.44361E+02  0.00000E+00 -0.40856E+02  0.00000E+00  0.00000E+00  0.13820E+01  0.00000E+00  0.99809E-06     95  0.00000E+00      0.000
   11046.0000  0.00000E+00  0.00000E+00  0.21950E-09  0.00000E+00 -0.32731E-07  0.00000E+00  0.00000E+00 -0.98334E-07  0.00000E+00 -0.87737E-02 -0.44385E+02  0.00000E+00 -0.40856E+02  0.00000E+00  0.00000E+00  0.13820E+01  0.00000E+00  0.10531E-05     96  0.00000E+00      0.000
   11296.0000  0.00000E+00  0.00000E+00  0.15886E-09  0.00000E+00 -0.29548E-07  0.00000E+00  0.00000E+00 -0.58619E-07  0.00000E+00 -0.87811E-02 -0.44406E+02  0.00000E+00 -0.40856E+02  0.00000E+00  0.00000E+00  0.13820E+01  0.00000E+00  0.10928E-05     97  0.00000E+00      0.000
   11546.0000  0.00000E+00  0.00000E+00  0.96946E-10  0.00000E+00 -0.26684E-07  0.00000E+00  0.00000E+00 -0.34383E-07  0.00000E+00 -0.87877E-02 -0.44425E+02  0.00000E+00 -0.40856E+02  0.00000E+00  0.00000E+00  0.13820E+01  0.00000E+00  0.11170E-05     98  0.00000E+00      0.000
   11796.5000  0.00000E+00  0.00000E+00  0.57324E-10  0.00000E+00 -0.24097E-07  0.00000E+00  0.00000E+00 -0.20023E-07  0.00000E+00 -0.87938E-02 -0.44442E+02  0.00000E+00 -0.40856E+02  0.00000E+00  0.00000E+00  0.13820E+01  0.00000E+00  0.11314E-05     99  0.00000E+00      0.000
   12047.0000  0.00000E+00  0.00000E+00  0.32521E-11  0.00000E+00 -0.21728E-07  0.00000E+00  0.00000E+00 -0.19208E-07  0.00000E+00 -0.87992E-02 -0.44458E+02  0.00000E+00 -0.40856E+02  0.00000E+00  0.00000E+00  0.13820E+01  0.00000E+00  0.11322E-05    100  0.00000E+00      0.000
   12297.5000  0.00000E+00  0.00000E+00 -0.19895E-10  0.00000E+00 -0.19595E-07  0.00000E+00  0.00000E+00 -0.24192E-07  0.00000E+00 -0.88041E-02 -0.44472E+02  0.00000E+00 -0.40856E+02  0.00000E+00  0.00000E+00  0.13820E+01  0.00000E+00  0.11322E-05    101  0.00000E+00      0.000
   12548.0000  0.00000E+00  0.00000E+00 -0.66244E-10  0.00000E+00 -0.17666E-07  0.00000E+00  0.00000E+00 -0.40786E-07  0.00000E+00 -0.88086E-02 -0.44485E+02  0.00000E+00 -0.40856E+02  0.00000E+00  0.00000E+00  0.13820E+01  0.00000E+00  0.11322E-05    102  0.00000E+00      0.000
   12798.5000  0.00000E+00  0.00000E+00 -0.10487E-09  0.00000E+00 -0.15929E-07  0.00000E+00  0.00000E+00 -0.67055E-07  0.00000E+00 -0.88126E-02 -0.44497E+02  0.00000E+00 -0.40856E+02  0.00000E+00  0.00000E+00  0.13820E+01  0.00000E+00  0.11322E-05    103  0.00000E+00      0.000
   13049.0000  0.00000E+00  0.00000E+00 -0.13576E-09  0.00000E+00 -0.14351E-07  0.00000E+00  0.00000E+00 -0.10106E-06  0.00000E+00 -0.88161E-02 -0.44508E+02  0.00000E+00 -0.40856E+02  0.00000E+00  0.00000E+00  0.13820E+01  0.00000E+00  0.11322E-05    104  0.00000E+00      0.000
   13299.0000  0.00000E+00  0.00000E+00 -0.15841E-09  0.00000E+00 -0.12942E-07  0.00000E+00  0.00000E+00 -0.14067E-06  0.00000E+00 -0.88194E-02 -0.44517E+02  0.00000E+00 -0.40856E+02  0.00000E+00  0.00000E+00  0.13820E+01  0.00000E+00  0.11322E-05    105  0.00000E+00      0.000
   13549.0000  0.00000E+00  0.00000E+00 -0.18163E-09  0.00000E+00 -0.11665E-07  0.00000E+00  0.00000E+00 -0.18607E-06  0.00000E+00 -0.88223E-02 -0.44525E+02  0.00000E+00 -0.40856E+02  0.00000E+00  0.00000E+00  0.13820E+01  0.00000E+00  0.11322E-05    106  0.00000E+00      0.000
   13718.0000  0.00000E+00  0.00000E+00 -0.20774E-09  0.00000E+00 -0.10859E-07  0.00000E+00  0.00000E+00 -0.22118E-06  0.00000E+00 -0.88241E-02 -0.44531E+02  0.00000E+00 -0.40856E+02  0.00000E+00  0.00000E+00  0.13820E+01  0.00000E+00  0.11322E-05    107  0.00000E+00      0.000
   13884.0000  0.00000E+00  0.00000E+00 -0.21566E-09  0.00000E+00 -0.10128E-07  0.00000E+00  0.00000E+00 -0.25698E-06  0.00000E+00 -0.88258E-02 -0.44536E+02  0.00000E+00 -0.40856E+02  0.00000E+00  0.00000E+00  0.13820E+01  0.00000E+00  0.11322E-05    108  0.00000E+00      0.000
   14050.0000  0.00000E+00  0.00000E+00 -0.22731E-09  0.00000E+00 -0.94455E-08  0.00000E+00  0.00000E+00 -0.29471E-06  0.00000E+00 -0.88274E-02 -0.44540E+02  0.00000E+00 -0.40856E+02  0.00000E+00  0.00000E+00  0.13820E+01  0.00000E+00  0.11322E-05    109  0.00000E+00      0.000
   14300.5000  0.00000E+00  0.00000E+00 -0.24388E-09  0.00000E+00 -0.85224E-08  0.00000E+00  0.00000E+00 -0.35581E-06  0.00000E+00 -0.88295E-02 -0.44546E+02  0.00000E+00 -0.40856E+02  0.00000E+00  0.00000E+00  0.13820E+01  0.00000E+00  0.11322E-05    110  0.00000E+00      0.000
   14551.0000  0.00000E+00  0.00000E+00 -0.26705E-09  0.00000E+00 -0.76858E-08  0.00000E+00  0.00000E+00 -0.42270E-06  0.00000E+00 -0.88314E-02 -0.44552E+02  0.00000E+00 -0.40856E+02  0.00000E+00  0.00000E+00  0.13820E+01  0.00000E+00  0.11322E-05    111  0.00000E+00      0.000
   14801.0000  0.00000E+00  0.00000E+00 -0.27449E-09  0.00000E+00 -0.69270E-08  0.00000E+00  0.00000E+00 -0.49132E-06  0.00000E+00 -0.88332E-02 -0.44557E+02  0.00000E+00 -0.40856E+02  0.00000E+00  0.00000E+00  0.13820E+01  0.00000E+00  0.11322E-05    112  0.00000E+00      0.000
   15051.0000  0.00000E+00  0.00000E+00 -0.29772E-09  0.00000E+00 -0.62477E-08  0.00000E+00  0.00000E+00 -0.56575E-06  0.00000E+00 -0.88347E-02 -0.44562E+02  0.00000E+00 -0.40856E+02  0.00000E+00  0.00000E+00  0.13819E+01  0.00000E+00  0.11322E-05    113  0.00000E+00      0.000
   15301.5000  0.00000E+00  0.00000E+00 -0.29793E-09  0.00000E+00 -0.56289E-08  0.00000E+00  0.00000E+00 -0.64039E-06  0.00000E+00 -0.88361E-02 -0.44566E+02  0.00000E+00 -0.40856E+02  0.00000E+00  0.00000E+00  0.13819E+01  0.00000E+00  0.11322E-05    114  0.00000E+00      0.000
   15552.0000  0.00000E+00  0.00000E+00 -0.31339E-09  0.00000E+00 -0.50757E-08  0.00000E+00  0.00000E+00 -0.71889E-06  0.00000E+00 -0.88374E-02 -0.44569E+02  0.00000E+00 -0.40856E+02  0.00000E+00  0.00000E+00  0.13819E+01  0.00000E+00  0.11322E-05    115  0.00000E+00      0.000
   15802.5000  0.00000E+00  0.00000E+00 -0.32884E-09  0.00000E+00 -0.45745E-08  0.00000E+00  0.00000E+00 -0.80126E-06  0.00000E+00 -0.88386E-02 -0.44573E+02  0.00000E+00 -0.40856E+02  0.00000E+00  0.00000E+00  0.13819E+01  0.00000E+00  0.11322E-05    116  0.00000E+00      0.000
   16053.0000  0.00000E+00  0.00000E+00 -0.32883E-09  0.00000E+00 -0.41216E-08  0.00000E+00  0.00000E+00 -0.88364E-06  0.00000E+00 -0.88396E-02 -0.44576E+02  0.00000E+00 -0.40856E+02  0.00000E+00  0.00000E+00  0.13819E+01  0.00000E+00  0.11322E-05    117  0.00000E+00      0.000
   16303.5000  0.00000E+00  0.00000E+00 -0.34428E-09  0.00000E+00 -0.37171E-08  0.00000E+00  0.00000E+00 -0.96988E-06  0.00000E+00 -0.88405E-02 -0.44579E+02  0.00000E+00 -0.40856E+02  0.00000E+00  0.00000E+00  0.13819E+01  0.00000E+00  0.11322E-05    118  0.00000E+00      0.000
   16554.0000  0.00000E+00  0.00000E+00 -0.34428E-09  0.00000E+00 -0.33455E-08  0.00000E+00  0.00000E+00 -0.10561E-05  0.00000E+00 -0.88414E-02 -0.44581E+02  0.00000E+00 -0.40856E+02  0.00000E+00  0.00000E+00  0.13819E+01  0.00000E+00  0.11322E-05    119  0.00000E+00      0.000
   16804.0000  0.00000E+00  0.00000E+00 -0.35963E-09  0.00000E+00 -0.30222E-08  0.00000E+00  0.00000E+00 -0.11460E-05  0.00000E+00 -0.88421E-02 -0.44583E+02  0.00000E+00 -0.40856E+02  0.00000E+00  0.00000E+00  0.13819E+01  0.00000E+00  0.11322E-05    120  0.00000E+00      0.000
   17054.0000  0.00000E+00  0.00000E+00 -0.35962E-09  0.00000E+00 -0.27180E-08  0.00000E+00  0.00000E+00 -0.12359E-05  0.00000E+00 -0.88428E-02 -0.44585E+02  0.00000E+00 -0.40856E+02  0.00000E+00  0.00000E+00  0.13819E+01  0.00000E+00  0.11322E-05    121  0.00000E+00      0.000
   17304.5000  0.00000E+00  0.00000E+00 -0.36745E-09  0.00000E+00 -0.24553E-08  0.00000E+00  0.00000E+00 -0.13280E-05  0.00000E+00 -0.88434E-02 -0.44587E+02  0.00000E+00 -0.40856E+02  0.00000E+00  0.00000E+00  0.13819E+01  0.00000E+00  0.11322E-05    122  0.00000E+00      0.000
   17555.0000  0.00000E+00  0.00000E+00 -0.36745E-09  0.00000E+00 -0.22029E-08  0.00000E+00  0.00000E+00 -0.14200E-05  0.00000E+00 -0.88440E-02 -0.44589E+02  0.00000E+00 -0.40856E+02  0.00000E+00  0.00000E+00  0.13819E+01  0.00000E+00  0.11322E-05    123  0.00000E+00      0.000
   17855.0000  0.00000E+00  0.00000E+00 -0.37510E-09  0.00000E+00 -0.19575E-08  0.00000E+00  0.00000E+00 -0.15326E-05  0.00000E+00 -0.88446E-02 -0.44590E+02  0.00000E+00 -0.40856E+02  0.00000E+00  0.00000E+00  0.13819E+01  0.00000E+00  0.11322E-05    124  0.00000E+00      0.000
   18045.5000  0.00000E+00  0.00000E+00 -0.38333E-09  0.00000E+00 -0.18019E-08  0.00000E+00  0.00000E+00 -0.16056E-05  0.00000E+00 -0.88449E-02 -0.44591E+02  0.00000E+00 -0.40856E+02  0.00000E+00  0.00000E+00  0.13819E+01  0.00000E+00  0.11322E-05    125  0.00000E+00      0.000
   18236.0000  0.00000E+00  0.00000E+00 -0.37316E-09  0.00000E+00 -0.16653E-08  0.00000E+00  0.00000E+00 -0.16767E-05  0.00000E+00 -0.88452E-02 -0.44592E+02  0.00000E+00 -0.40856E+02  0.00000E+00  0.00000E+00  0.13819E+01  0.00000E+00  0.11322E-05    126  0.00000E+00      0.000
   18236.1000  0.00000E+00  0.00000E+00  0.38150E-09  0.00000E+00 -0.78133E-03  0.00000E+00  0.00000E+00 -0.16766E-05  0.00000E+00 -0.89234E-02 -0.44592E+02  0.00000E+00 -0.29621E+04  0.00000E+00  0.00000E+00  0.13819E+01  0.00000E+00  0.11322E-05    127  0.00000E+00      0.000
   18236.2300  0.00000E+00  0.00000E+00 -0.41383E-09  0.00000E+00 -0.61741E-03  0.00000E+00  0.00000E+00 -0.16767E-05  0.00000E+00 -0.90036E-02 -0.44592E+02  0.00000E+00 -0.29621E+04  0.00000E+00  0.00000E+00  0.13818E+01  0.00000E+00  0.11322E-05    128  0.00000E+00      0.000
   18236.3600  0.00000E+00  0.00000E+00 -0.57636E-08  0.00000E+00 -0.47426E-03  0.00000E+00  0.00000E+00 -0.16774E-05  0.00000E+00 -0.90653E-02 -0.44592E+02  0.00000E+00 -0.29621E+04  0.00000E+00  0.00000E+00  0.13817E+01  0.00000E+00  0.11322E-05    129  0.00000E+00      0.000
   18236.5290  0.00000E+00  0.00000E+00  0.70213E-09  0.00000E+00 -0.44027E-03  0.00000E+00  0.00000E+00 -0.16773E-05  0.00000E+00 -0.91397E-02 -0.44592E+02  0.00000E+00 -0.29621E+04  0.00000E+00  0.00000E+00  0.13816E+01  0.00000E+00  0.11324E-05    130  0.00000E+00      0.000
   18236.7487  0.00000E+00  0.00000E+00 -0.20045E-08  0.00000E+00 -0.44170E-03  0.00000E+00  0.00000E+00 -0.16777E-05  0.00000E+00 -0.92367E-02 -0.44593E+02  0.00000E+00 -0.29621E+04  0.00000E+00  0.00000E+00  0.13815E+01  0.00000E+00  0.11324E-05    131  0.00000E+00      0.000
   18237.0343  0.00000E+00  0.00000E+00  0.70482E-10  0.00000E+00 -0.43805E-03  0.00000E+00  0.00000E+00 -0.16777E-05  0.00000E+00 -0.93618E-02 -0.44594E+02  0.00000E+00 -0.29621E+04  0.00000E+00  0.00000E+00  0.13814E+01  0.00000E+00  0.11324E-05    132  0.00000E+00      0.000
   18237.4056  0.00000E+00  0.00000E+00  0.55737E-09  0.00000E+00 -0.43806E-03  0.00000E+00  0.00000E+00 -0.16775E-05  0.00000E+00 -0.95245E-02 -0.44601E+02  0.00000E+00 -0.29621E+04  0.00000E+00  0.00000E+00  0.13813E+01  0.00000E+00  0.11326E-05    133  0.00000E+00      0.000
   18237.8883  0.00000E+00  0.00000E+00 -0.82127E-09  0.00000E+00 -0.43768E-03  0.00000E+00  0.00000E+00 -0.16779E-05  0.00000E+00 -0.97357E-02 -0.44624E+02  0.00000E+00 -0.29621E+04  0.00000E+00  0.00000E+00  0.13810E+01  0.00000E+00  0.11326E-05    134  0.00000E+00      0.000
   18238.5158  0.00000E+00  0.00000E+00 -0.30974E-09  0.00000E+00 -0.43743E-03  0.00000E+00  0.00000E+00 -0.16781E-05  0.00000E+00 -0.10010E-01 -0.44694E+02  0.00000E+00 -0.29621E+04  0.00000E+00  0.00000E+00  0.13808E+01  0.00000E+00  0.11326E-05    135  0.00000E+00      0.000
   18239.3315  0.00000E+00  0.00000E+00 -0.90540E-09  0.00000E+00 -0.43709E-03  0.00000E+00  0.00000E+00 -0.16789E-05  0.00000E+00 -0.10367E-01 -0.44866E+02  0.00000E+00 -0.29621E+04  0.00000E+00  0.00000E+00  0.13804E+01  0.00000E+00  0.11326E-05    136  0.00000E+00      0.000
   18240.3919  0.00000E+00  0.00000E+00 -0.13847E-09  0.00000E+00 -0.43671E-03  0.00000E+00  0.00000E+00 -0.16790E-05  0.00000E+00 -0.10830E-01 -0.45229E+02  0.00000E+00 -0.29621E+04  0.00000E+00  0.00000E+00  0.13800E+01  0.00000E+00  0.11326E-05    137  0.00000E+00      0.000
   18241.7705  0.00000E+00  0.00000E+00 -0.57889E-09  0.00000E+00 -0.43629E-03  0.00000E+00  0.00000E+00 -0.16798E-05  0.00000E+00 -0.11431E-01 -0.45906E+02  0.00000E+00 -0.29621E+04  0.00000E+00  0.00000E+00  0.13794E+01  0.00000E+00  0.11326E-05    138  0.00000E+00      0.000
   18243.5627  0.00000E+00  0.00000E+00  0.42701E-09  0.00000E+00 -0.43581E-03  0.00000E+00  0.00000E+00 -0.16790E-05  0.00000E+00 -0.12212E-01 -0.47033E+02  0.00000E+00 -0.29621E+04  0.00000E+00  0.00000E+00  0.13786E+01  0.00000E+00  0.11333E-05    139  0.00000E+00      0.000
   18245.8925  0.00000E+00  0.00000E+00  0.93678E-10  0.00000E+00 -0.43527E-03  0.00000E+00  0.00000E+00 -0.16788E-05  0.00000E+00 -0.13226E-01 -0.48615E+02  0.00000E+00 -0.29621E+04  0.00000E+00  0.00000E+00  0.13776E+01  0.00000E+00  0.11336E-05    140  0.00000E+00      0.000
   18248.9213  0.00000E+00  0.00000E+00  0.21828E-10  0.00000E+00 -0.43462E-03  0.00000E+00  0.00000E+00 -0.16787E-05  0.00000E+00 -0.14543E-01 -0.50909E+02  0.00000E+00 -0.29621E+04  0.00000E+00  0.00000E+00  0.13762E+01  0.00000E+00  0.11336E-05    141  0.00000E+00      0.000
   18252.8586  0.00000E+00  0.00000E+00 -0.22419E-09  0.00000E+00 -0.43386E-03  0.00000E+00  0.00000E+00 -0.16796E-05  0.00000E+00 -0.16251E-01 -0.54167E+02  0.00000E+00 -0.29621E+04  0.00000E+00  0.00000E+00  0.13745E+01  0.00000E+00  0.11336E-05    142  0.00000E+00      0.000
   18258.3074  0.00000E+00  0.00000E+00 -0.77307E-11  0.00000E+00 -0.43290E-03  0.00000E+00  0.00000E+00 -0.16797E-05  0.00000E+00 -0.18610E-01 -0.58803E+02  0.00000E+00 -0.29621E+04  0.00000E+00  0.00000E+00  0.13722E+01  0.00000E+00  0.11336E-05    143  0.00000E+00      0.000
   18264.8459  0.00000E+00  0.00000E+00  0.11642E-09  0.00000E+00 -0.43183E-03  0.00000E+00  0.00000E+00 -0.16789E-05  0.00000E+00 -0.21433E-01 -0.63895E+02  0.00000E+00 -0.29621E+04  0.00000E+00  0.00000E+00  0.13694E+01  0.00000E+00  0.11344E-05    144  0.00000E+00      0.000
   18273.5639  0.00000E+00  0.00000E+00 -0.15643E-09  0.00000E+00 -0.43047E-03  0.00000E+00  0.00000E+00 -0.16803E-05  0.00000E+00 -0.25186E-01 -0.70711E+02  0.00000E+00 -0.29621E+04  0.00000E+00  0.00000E+00  0.13656E+01  0.00000E+00  0.11344E-05    145  0.00000E+00      0.000
   18282.2820  0.00000E+00  0.00000E+00 -0.28240E-09  0.00000E+00 -0.42921E-03  0.00000E+00  0.00000E+00 -0.16827E-05  0.00000E+00 -0.28928E-01 -0.77100E+02  0.00000E+00 -0.29621E+04  0.00000E+00  0.00000E+00  0.13619E+01  0.00000E+00  0.11344E-05    146  0.00000E+00      0.000
   18291.0000  0.00000E+00  0.00000E+00 -0.32651E-09  0.00000E+00 -0.42798E-03  0.00000E+00  0.00000E+00 -0.16856E-05  0.00000E+00 -0.32659E-01 -0.83057E+02  0.00000E+00 -0.29621E+04  0.00000E+00  0.00000E+00  0.13581E+01  0.00000E+00  0.11344E-05    147  0.00000E+00      0.000
   18307.6667  0.00000E+00  0.00000E+00  0.85947E-10  0.00000E+00 -0.42574E-03  0.00000E+00  0.00000E+00 -0.16842E-05  0.00000E+00 -0.39755E-01 -0.94192E+02  0.00000E+00 -0.29621E+04  0.00000E+00  0.00000E+00  0.13510E+01  0.00000E+00  0.11358E-05    148  0.00000E+00      0.000
   18324.3333  0.00000E+00  0.00000E+00 -0.55570E-09  0.00000E+00 -0.42361E-03  0.00000E+00  0.00000E+00 -0.16934E-05  0.00000E+00 -0.46815E-01 -0.10419E+03  0.00000E+00 -0.29621E+04  0.00000E+00  0.00000E+00  0.13440E+01  0.00000E+00  0.11358E-05    149  0.00000E+00      0.000
   18341.0000  0.00000E+00  0.00000E+00 -0.15189E-09  0.00000E+00 -0.42152E-03  0.00000E+00  0.00000E+00 -0.16959E-05  0.00000E+00 -0.53840E-01 -0.11413E+03  0.00000E+00 -0.29621E+04  0.00000E+00  0.00000E+00  0.13369E+01  0.00000E+00  0.11358E-05    150  0.00000E+00      0.000
   18366.0000  0.00000E+00  0.00000E+00 -0.34424E-09  0.00000E+00 -0.41852E-03  0.00000E+00  0.00000E+00 -0.17045E-05  0.00000E+00 -0.64303E-01 -0.12773E+03  0.00000E+00 -0.29621E+04  0.00000E+00  0.00000E+00  0.13265E+01  0.00000E+00  0.11358E-05    151  0.00000E+00      0.000
   18391.0000  0.00000E+00  0.00000E+00 -0.73624E-09  0.00000E+00 -0.41552E-03  0.00000E+00  0.00000E+00 -0.17230E-05  0.00000E+00 -0.74691E-01 -0.14089E+03  0.00000E+00 -0.29621E+04  0.00000E+00  0.00000E+00  0.13161E+01  0.00000E+00  0.11358E-05    152  0.00000E+00      0.000
   18416.5000  0.00000E+00  0.00000E+00  0.62391E-09  0.00000E+00 -0.41252E-03  0.00000E+00  0.00000E+00 -0.17070E-05  0.00000E+00 -0.85211E-01 -0.15371E+03  0.00000E+00 -0.29621E+04  0.00000E+00  0.00000E+00  0.13056E+01  0.00000E+00  0.11517E-05    153  0.00000E+00      0.000
   18442.0000  0.00000E+00  0.00000E+00 -0.36016E-09  0.00000E+00 -0.40948E-03  0.00000E+00  0.00000E+00 -0.17162E-05  0.00000E+00 -0.95652E-01 -0.16584E+03  0.00000E+00 -0.29621E+04  0.00000E+00  0.00000E+00  0.12951E+01  0.00000E+00  0.11517E-05    154  0.00000E+00      0.000
   18492.0000  0.00000E+00  0.00000E+00  0.15189E-09  0.00000E+00 -0.40343E-03  0.00000E+00  0.00000E+00 -0.17086E-05  0.00000E+00 -0.11582E+00 -0.18884E+03  0.00000E+00 -0.29621E+04  0.00000E+00  0.00000E+00  0.12750E+01  0.00000E+00  0.11593E-05    155  0.00000E+00      0.000
   18542.0000  0.00000E+00  0.00000E+00  0.81855E-10  0.00000E+00 -0.39707E-03  0.00000E+00  0.00000E+00 -0.17045E-05  0.00000E+00 -0.13568E+00 -0.21067E+03  0.00000E+00 -0.29621E+04  0.00000E+00  0.00000E+00  0.12551E+01  0.00000E+00  0.11634E-05    156  0.00000E+00      0.000
   18592.0000  0.00000E+00  0.00000E+00  0.65938E-10  0.00000E+00 -0.39035E-03  0.00000E+00  0.00000E+00 -0.17012E-05  0.00000E+00 -0.15519E+00 -0.23181E+03  0.00000E+00 -0.29621E+04  0.00000E+00  0.00000E+00  0.12356E+01  0.00000E+00  0.11667E-05    157  0.00000E+00      0.000
   18657.0000  0.00000E+00  0.00000E+00 -0.39381E-09  0.00000E+00 -0.38066E-03  0.00000E+00  0.00000E+00 -0.17268E-05  0.00000E+00 -0.17994E+00 -0.25842E+03  0.00000E+00 -0.29621E+04  0.00000E+00  0.00000E+00  0.12108E+01  0.00000E+00  0.11667E-05    158  0.00000E+00      0.000
   18732.0000  0.00000E+00  0.00000E+00  0.42883E-09  0.00000E+00 -0.36775E-03  0.00000E+00  0.00000E+00 -0.16947E-05  0.00000E+00 -0.20752E+00 -0.28773E+03  0.00000E+00 -0.29621E+04  0.00000E+00  0.00000E+00  0.11833E+01  0.00000E+00  0.11989E-05    159  0.00000E+00      0.000
   18827.0000  0.00000E+00  0.00000E+00  0.30604E-09  0.00000E+00 -0.34785E-03  0.00000E+00  0.00000E+00 -0.16656E-05  0.00000E+00 -0.24056E+00 -0.32377E+03  0.00000E+00 -0.29621E+04  0.00000E+00  0.00000E+00  0.11502E+01  0.00000E+00  0.12280E-05    160  0.00000E+00      0.000
   18967.0000  0.00000E+00  0.00000E+00  0.72760E-10  0.00000E+00 -0.30944E-03  0.00000E+00  0.00000E+00 -0.16554E-05  0.00000E+00 -0.28389E+00 -0.37248E+03  0.00000E+00 -0.29621E+04  0.00000E+00  0.00000E+00  0.11069E+01  0.00000E+00  0.12381E-05    161  0.00000E+00      0.000
   19118.0000  0.00000E+00  0.00000E+00 -0.17189E-09  0.00000E+00 -0.25765E-03  0.00000E+00  0.00000E+00 -0.16814E-05  0.00000E+00 -0.32279E+00 -0.42280E+03  0.00000E+00 -0.29621E+04  0.00000E+00  0.00000E+00  0.10680E+01  0.00000E+00  0.12381E-05    162  0.00000E+00      0.000
   19268.0000  0.00000E+00  0.00000E+00 -0.16848E-09  0.00000E+00 -0.20765E-03  0.00000E+00  0.00000E+00 -0.17066E-05  0.00000E+00 -0.35394E+00 -0.46712E+03  0.00000E+00 -0.29621E+04  0.00000E+00  0.00000E+00  0.10368E+01  0.00000E+00  0.12381E-05    163  0.00000E+00      0.000
   19418.0000  0.00000E+00  0.00000E+00  0.42292E-10  0.00000E+00 -0.16743E-03  0.00000E+00  0.00000E+00 -0.17003E-05  0.00000E+00 -0.37905E+00 -0.51056E+03  0.00000E+00 -0.29621E+04  0.00000E+00  0.00000E+00  0.10117E+01  0.00000E+00  0.12445E-05    164  0.00000E+00      0.000
   19568.0000  0.00000E+00  0.00000E+00  0.13847E-09  0.00000E+00 -0.13853E-03  0.00000E+00  0.00000E+00 -0.16795E-05  0.00000E+00 -0.39983E+00 -0.55023E+03  0.00000E+00 -0.29621E+04  0.00000E+00  0.00000E+00  0.99095E+00  0.00000E+00  0.12653E-05    165  0.00000E+00      0.000
   19718.0000  0.00000E+00  0.00000E+00 -0.13097E-09  0.00000E+00 -0.11789E-03  0.00000E+00  0.00000E+00 -0.16992E-05  0.00000E+00 -0.41752E+00 -0.58540E+03  0.00000E+00 -0.29621E+04  0.00000E+00  0.00000E+00  0.97327E+00  0.00000E+00  0.12653E-05    166  0.00000E+00      0.000
   19869.0000  0.00000E+00  0.00000E+00  0.80945E-10  0.00000E+00 -0.10144E-03  0.00000E+00  0.00000E+00 -0.16870E-05  0.00000E+00 -0.43283E+00 -0.61981E+03  0.00000E+00 -0.29621E+04  0.00000E+00  0.00000E+00  0.95795E+00  0.00000E+00  0.12775E-05    167  0.00000E+00      0.000
   20019.0000  0.00000E+00  0.00000E+00 -0.24102E-10  0.00000E+00 -0.89938E-04  0.00000E+00  0.00000E+00 -0.16906E-05  0.00000E+00 -0.44632E+00 -0.65532E+03  0.00000E+00 -0.29621E+04  0.00000E+00  0.00000E+00  0.94446E+00  0.00000E+00  0.12775E-05    168  0.00000E+00      0.000
   20169.0000  0.00000E+00  0.00000E+00  0.11255E-10  0.00000E+00 -0.79833E-04  0.00000E+00  0.00000E+00 -0.16889E-05  0.00000E+00 -0.45830E+00 -0.68610E+03  0.00000E+00 -0.29621E+04  0.00000E+00  0.00000E+00  0.93248E+00  0.00000E+00  0.12792E-05    169  0.00000E+00      0.000
   20319.0000  0.00000E+00  0.00000E+00 -0.74579E-10  0.00000E+00 -0.71907E-04  0.00000E+00  0.00000E+00 -0.17001E-05  0.00000E+00 -0.46909E+00 -0.71451E+03  0.00000E+00 -0.29621E+04  0.00000E+00  0.00000E+00  0.92170E+00  0.00000E+00  0.12792E-05    170  0.00000E+00      0.000
   20469.0000  0.00000E+00  0.00000E+00 -0.63665E-10  0.00000E+00 -0.65153E-04  0.00000E+00  0.00000E+00 -0.17096E-05  0.00000E+00 -0.47886E+00 -0.74067E+03  0.00000E+00 -0.29621E+04  0.00000E+00  0.00000E+00  0.91193E+00  0.00000E+00  0.12792E-05    171  0.00000E+00      0.000
   20620.0000  0.00000E+00  0.00000E+00 -0.26716E-10  0.00000E+00 -0.59374E-04  0.00000E+00  0.00000E+00 -0.17137E-05  0.00000E+00 -0.48782E+00 -0.76640E+03  0.00000E+00 -0.29621E+04  0.00000E+00  0.00000E+00  0.90296E+00  0.00000E+00  0.12792E-05    172  0.00000E+00      0.000
   20770.0000  0.00000E+00  0.00000E+00  0.33197E-10  0.00000E+00 -0.54651E-04  0.00000E+00  0.00000E+00 -0.17087E-05  0.00000E+00 -0.49602E+00 -0.79552E+03  0.00000E+00 -0.29621E+04  0.00000E+00  0.00000E+00  0.89476E+00  0.00000E+00  0.12841E-05    173  0.00000E+00      0.000
   20920.0000  0.00000E+00  0.00000E+00 -0.77307E-11  0.00000E+00 -0.50226E-04  0.00000E+00  0.00000E+00 -0.17098E-05  0.00000E+00 -0.50356E+00 -0.82247E+03  0.00000E+00 -0.29621E+04  0.00000E+00  0.00000E+00  0.88723E+00  0.00000E+00  0.12841E-05    174  0.00000E+00      0.000
   21070.0000  0.00000E+00  0.00000E+00 -0.24102E-10  0.00000E+00 -0.46660E-04  0.00000E+00  0.00000E+00 -0.17135E-05  0.00000E+00 -0.51055E+00 -0.84739E+03  0.00000E+00 -0.29621E+04  0.00000E+00  0.00000E+00  0.88023E+00  0.00000E+00  0.12841E-05    175  0.00000E+00      0.000
   21220.0000  0.00000E+00  0.00000E+00 -0.22510E-10  0.00000E+00 -0.43383E-04  0.00000E+00  0.00000E+00 -0.17168E-05  0.00000E+00 -0.51706E+00 -0.87036E+03  0.00000E+00 -0.29621E+04  0.00000E+00  0.00000E+00  0.87372E+00  0.00000E+00  0.12841E-05    176  0.00000E+00      0.000
   21371.0000  0.00000E+00  0.00000E+00  0.13301E-10  0.00000E+00 -0.40514E-04  0.00000E+00  0.00000E+00 -0.17148E-05  0.00000E+00 -0.52318E+00 -0.89199E+03  0.00000E+00 -0.29621E+04  0.00000E+00  0.00000E+00  0.86760E+00  0.00000E+00  0.12862E-05    177  0.00000E+00      0.000
   21521.0000  0.00000E+00  0.00000E+00  0.26375E-10  0.00000E+00 -0.37972E-04  0.00000E+00  0.00000E+00 -0.17109E-05  0.00000E+00 -0.52888E+00 -0.91228E+03  0.00000E+00 -0.29621E+04  0.00000E+00  0.00000E+00  0.86191E+00  0.00000E+00  0.12901E-05    178  0.00000E+00      0.000
   21671.0000  0.00000E+00  0.00000E+00 -0.38426E-10  0.00000E+00 -0.35625E-04  0.00000E+00  0.00000E+00 -0.17166E-05  0.00000E+00 -0.53422E+00 -0.93170E+03  0.00000E+00 -0.29621E+04  0.00000E+00  0.00000E+00  0.85656E+00  0.00000E+00  0.12901E-05    179  0.00000E+00      0.000
   21821.0000  0.00000E+00  0.00000E+00 -0.24670E-10  0.00000E+00 -0.33582E-04  0.00000E+00  0.00000E+00 -0.17203E-05  0.00000E+00 -0.53926E+00 -0.95062E+03  0.00000E+00 -0.29621E+04  0.00000E+00  0.00000E+00  0.85153E+00  0.00000E+00  0.12901E-05    180  0.00000E+00      0.000
   21971.0000  0.00000E+00  0.00000E+00  0.33992E-10  0.00000E+00 -0.31750E-04  0.00000E+00  0.00000E+00 -0.17152E-05  0.00000E+00 -0.54402E+00 -0.96985E+03  0.00000E+00 -0.29621E+04  0.00000E+00  0.00000E+00  0.84677E+00  0.00000E+00  0.12952E-05    181  0.00000E+00      0.000
   22122.0000  0.00000E+00  0.00000E+00  0.44906E-11  0.00000E+00 -0.30036E-04  0.00000E+00  0.00000E+00 -0.17146E-05  0.00000E+00 -0.54855E+00 -0.99285E+03  0.00000E+00 -0.29621E+04  0.00000E+00  0.00000E+00  0.84223E+00  0.00000E+00  0.12959E-05    182  0.00000E+00      0.000
   22272.0000  0.00000E+00  0.00000E+00 -0.20634E-10  0.00000E+00 -0.28516E-04  0.00000E+00  0.00000E+00 -0.17176E-05  0.00000E+00 -0.55283E+00 -0.10149E+04  0.00000E+00 -0.29621E+04  0.00000E+00  0.00000E+00  0.83795E+00  0.00000E+00  0.12959E-05    183  0.00000E+00      0.000
   22422.0000  0.00000E+00  0.00000E+00  0.42974E-10  0.00000E+00 -0.27080E-04  0.00000E+00  0.00000E+00 -0.17112E-05  0.00000E+00 -0.55689E+00 -0.10355E+04  0.00000E+00 -0.29621E+04  0.00000E+00  0.00000E+00  0.83389E+00  0.00000E+00  0.13023E-05    184  0.00000E+00      0.000
   22572.0000  0.00000E+00  0.00000E+00 -0.19327E-10  0.00000E+00 -0.25754E-04  0.00000E+00  0.00000E+00 -0.17141E-05  0.00000E+00 -0.56076E+00 -0.10548E+04  0.00000E+00 -0.29621E+04  0.00000E+00  0.00000E+00  0.83003E+00  0.00000E+00  0.13023E-05    185  0.00000E+00      0.000
   22723.0000  0.00000E+00  0.00000E+00 -0.23647E-10  0.00000E+00 -0.24560E-04  0.00000E+00  0.00000E+00 -0.17177E-05  0.00000E+00 -0.56447E+00 -0.10731E+04  0.00000E+00 -0.29621E+04  0.00000E+00  0.00000E+00  0.82632E+00  0.00000E+00  0.13023E-05    186  0.00000E+00      0.000
   22873.0000  0.00000E+00  0.00000E+00  0.10800E-11  0.00000E+00 -0.23455E-04  0.00000E+00  0.00000E+00 -0.17175E-05  0.00000E+00 -0.56798E+00 -0.10905E+04  0.00000E+00 -0.29621E+04  0.00000E+00  0.00000E+00  0.82280E+00  0.00000E+00  0.13025E-05    187  0.00000E+00      0.000
   23023.0000  0.00000E+00  0.00000E+00 -0.54627E-10  0.00000E+00 -0.22419E-04  0.00000E+00  0.00000E+00 -0.17257E-05  0.00000E+00 -0.57135E+00 -0.11070E+04  0.00000E+00 -0.29621E+04  0.00000E+00  0.00000E+00  0.81944E+00  0.00000E+00  0.13025E-05    188  0.00000E+00      0.000
   23173.0000  0.00000E+00  0.00000E+00 -0.54030E-10  0.00000E+00 -0.21462E-04  0.00000E+00  0.00000E+00 -0.17338E-05  0.00000E+00 -0.57457E+00 -0.11229E+04  0.00000E+00 -0.29621E+04  0.00000E+00  0.00000E+00  0.81622E+00  0.00000E+00  0.13025E-05    189  0.00000E+00      0.000
   23323.0000  0.00000E+00  0.00000E+00 -0.44878E-10  0.00000E+00 -0.20563E-04  0.00000E+00  0.00000E+00 -0.17405E-05  0.00000E+00 -0.57765E+00 -0.11381E+04  0.00000E+00 -0.29621E+04  0.00000E+00  0.00000E+00  0.81313E+00  0.00000E+00  0.13025E-05    190  0.00000E+00      0.000
   23474.0000  0.00000E+00  0.00000E+00  0.35840E-10  0.00000E+00 -0.19714E-04  0.00000E+00  0.00000E+00 -0.17351E-05  0.00000E+00 -0.58063E+00 -0.11530E+04  0.00000E+00 -0.29621E+04  0.00000E+00  0.00000E+00  0.81016E+00  0.00000E+00  0.13079E-05    191  0.00000E+00      0.000
   23624.0000  0.00000E+00  0.00000E+00  0.32685E-10  0.00000E+00 -0.18953E-04  0.00000E+00  0.00000E+00 -0.17302E-05  0.00000E+00 -0.58347E+00 -0.11674E+04  0.00000E+00 -0.29621E+04  0.00000E+00  0.00000E+00  0.80731E+00  0.00000E+00  0.13128E-05    192  0.00000E+00      0.000
   23774.0000  0.00000E+00  0.00000E+00  0.15092E-10  0.00000E+00 -0.18234E-04  0.00000E+00  0.00000E+00 -0.17280E-05  0.00000E+00 -0.58621E+00 -0.11814E+04  0.00000E+00 -0.29621E+04  0.00000E+00  0.00000E+00  0.80458E+00  0.00000E+00  0.13151E-05    193  0.00000E+00      0.000
   23924.0000  0.00000E+00  0.00000E+00  0.28592E-10  0.00000E+00 -0.17557E-04  0.00000E+00  0.00000E+00 -0.17237E-05  0.00000E+00 -0.58884E+00 -0.11953E+04  0.00000E+00 -0.29621E+04  0.00000E+00  0.00000E+00  0.80195E+00  0.00000E+00  0.13194E-05    194  0.00000E+00      0.000
   24074.0000  0.00000E+00  0.00000E+00  0.14495E-10  0.00000E+00 -0.16920E-04  0.00000E+00  0.00000E+00 -0.17215E-05  0.00000E+00 -0.59138E+00 -0.12091E+04  0.00000E+00 -0.29621E+04  0.00000E+00  0.00000E+00  0.79941E+00  0.00000E+00  0.13215E-05    195  0.00000E+00      0.000
   24225.0000  0.00000E+00  0.00000E+00  0.26233E-10  0.00000E+00 -0.16315E-04  0.00000E+00  0.00000E+00 -0.17175E-05  0.00000E+00 -0.59384E+00 -0.12235E+04  0.00000E+00 -0.29621E+04  0.00000E+00  0.00000E+00  0.79694E+00  0.00000E+00  0.13255E-05    196  0.00000E+00      0.000
   24375.0000  0.00000E+00  0.00000E+00  0.20293E-10  0.00000E+00 -0.15746E-04  0.00000E+00  0.00000E+00 -0.17145E-05  0.00000E+00 -0.59620E+00 -0.12403E+04  0.00000E+00 -0.29621E+04  0.00000E+00  0.00000E+00  0.79458E+00  0.00000E+00  0.13285E-05    197  0.00000E+00      0.000
   24525.0000  0.00000E+00  0.00000E+00 -0.15291E-10  0.00000E+00 -0.15222E-04  0.00000E+00  0.00000E+00 -0.17168E-05  0.00000E+00 -0.59849E+00 -0.12582E+04  0.00000E+00 -0.29621E+04  0.00000E+00  0.00000E+00  0.79230E+00  0.00000E+00  0.13285E-05    198  0.00000E+00      0.000
   24675.0000  0.00000E+00  0.00000E+00  0.22794E-10  0.00000E+00 -0.14724E-04  0.00000E+00  0.00000E+00 -0.17134E-05  0.00000E+00 -0.60069E+00 -0.12748E+04  0.00000E+00 -0.29621E+04  0.00000E+00  0.00000E+00  0.79009E+00  0.00000E+00  0.13320E-05    199  0.00000E+00      0.000
   24825.0000  0.00000E+00  0.00000E+00 -0.20236E-10  0.00000E+00 -0.14250E-04  0.00000E+00  0.00000E+00 -0.17164E-05  0.00000E+00 -0.60283E+00 -0.12907E+04  0.00000E+00 -0.29621E+04  0.00000E+00  0.00000E+00  0.78795E+00  0.00000E+00  0.13320E-05    200  0.00000E+00      0.000
   24976.0000  0.00000E+00  0.00000E+00  0.17508E-10  0.00000E+00 -0.13793E-04  0.00000E+00  0.00000E+00 -0.17138E-05  0.00000E+00 -0.60491E+00 -0.13059E+04  0.00000E+00 -0.29621E+04  0.00000E+00  0.00000E+00  0.78587E+00  0.00000E+00  0.13346E-05    201  0.00000E+00      0.000
   25126.0000  0.00000E+00  0.00000E+00  0.14552E-10  0.00000E+00 -0.13360E-04  0.00000E+00  0.00000E+00 -0.17116E-05  0.00000E+00 -0.60692E+00 -0.13204E+04  0.00000E+00 -0.29621E+04  0.00000E+00  0.00000E+00  0.78387E+00  0.00000E+00  0.13368E-05    202  0.00000E+00      0.000
   25276.0000  0.00000E+00  0.00000E+00  0.19128E-10  0.00000E+00 -0.12946E-04  0.00000E+00  0.00000E+00 -0.17087E-05  0.00000E+00 -0.60886E+00 -0.13343E+04  0.00000E+00 -0.29621E+04  0.00000E+00  0.00000E+00  0.78192E+00  0.00000E+00  0.13397E-05    203  0.00000E+00      0.000
   25426.0000  0.00000E+00  0.00000E+00 -0.97771E-11  0.00000E+00 -0.12557E-04  0.00000E+00  0.00000E+00 -0.17102E-05  0.00000E+00 -0.61074E+00 -0.13478E+04  0.00000E+00 -0.29621E+04  0.00000E+00  0.00000E+00  0.78004E+00  0.00000E+00  0.13397E-05    204  0.00000E+00      0.000
   25576.0000  0.00000E+00  0.00000E+00  0.12278E-10  0.00000E+00 -0.12187E-04  0.00000E+00  0.00000E+00 -0.17083E-05  0.00000E+00 -0.61257E+00 -0.13608E+04  0.00000E+00 -0.29621E+04  0.00000E+00  0.00000E+00  0.77821E+00  0.00000E+00  0.13415E-05    205  0.00000E+00      0.000
   25727.0000  0.00000E+00  0.00000E+00  0.12108E-10  0.00000E+00 -0.11831E-04  0.00000E+00  0.00000E+00 -0.17065E-05  0.00000E+00 -0.61436E+00 -0.13735E+04  0.00000E+00 -0.29621E+04  0.00000E+00  0.00000E+00  0.77643E+00  0.00000E+00  0.13433E-05    206  0.00000E+00      0.000
   25877.0000  0.00000E+00  0.00000E+00  0.84981E-11  0.00000E+00 -0.11492E-04  0.00000E+00  0.00000E+00 -0.17052E-05  0.00000E+00 -0.61608E+00 -0.13857E+04  0.00000E+00 -0.29621E+04  0.00000E+00  0.00000E+00  0.77470E+00  0.00000E+00  0.13446E-05    207  0.00000E+00      0.000
   26027.0000  0.00000E+00  0.00000E+00 -0.79865E-11  0.00000E+00 -0.11166E-04  0.00000E+00  0.00000E+00 -0.17064E-05  0.00000E+00 -0.61776E+00 -0.13976E+04  0.00000E+00 -0.29621E+04  0.00000E+00  0.00000E+00  0.77303E+00  0.00000E+00  0.13446E-05    208  0.00000E+00      0.000
   26177.0000  0.00000E+00  0.00000E+00  0.62528E-12  0.00000E+00 -0.10854E-04  0.00000E+00  0.00000E+00 -0.17063E-05  0.00000E+00 -0.61938E+00 -0.14092E+04  0.00000E+00 -0.29621E+04  0.00000E+00  0.00000E+00  0.77140E+00  0.00000E+00  0.13447E-05    209  0.00000E+00      0.000
   26327.0000  0.00000E+00  0.00000E+00  0.42064E-11  0.00000E+00 -0.10558E-04  0.00000E+00  0.00000E+00 -0.17057E-05  0.00000E+00 -0.62097E+00 -0.14205E+04  0.00000E+00 -0.29621E+04  0.00000E+00  0.00000E+00  0.76982E+00  0.00000E+00  0.13453E-05    210  0.00000E+00      0.000
   26478.0000  0.00000E+00  0.00000E+00  0.75602E-11  0.00000E+00 -0.10276E-04  0.00000E+00  0.00000E+00 -0.17046E-05  0.00000E+00 -0.62252E+00 -0.14316E+04  0.00000E+00 -0.29621E+04  0.00000E+00  0.00000E+00  0.76826E+00  0.00000E+00  0.13465E-05    211  0.00000E+00      0.000
   26628.0000  0.00000E+00  0.00000E+00 -0.92939E-11  0.00000E+00 -0.10007E-04  0.00000E+00  0.00000E+00 -0.17060E-05  0.00000E+00 -0.62402E+00 -0.14424E+04  0.00000E+00 -0.29621E+04  0.00000E+00  0.00000E+00  0.76676E+00  0.00000E+00  0.13465E-05    212  0.00000E+00      0.000
   26778.0000  0.00000E+00  0.00000E+00 -0.95213E-12  0.00000E+00 -0.97491E-05  0.00000E+00  0.00000E+00 -0.17061E-05  0.00000E+00 -0.62548E+00 -0.14530E+04  0.00000E+00 -0.29621E+04  0.00000E+00  0.00000E+00  0.76530E+00  0.00000E+00  0.13465E-05    213  0.00000E+00      0.000
   26928.0000  0.00000E+00  0.00000E+00  0.80576E-11  0.00000E+00 -0.95005E-05  0.00000E+00  0.00000E+00 -0.17049E-05  0.00000E+00 -0.62691E+00 -0.14634E+04  0.00000E+00 -0.29621E+04  0.00000E+00  0.00000E+00  0.76387E+00  0.00000E+00  0.13477E-05    214  0.00000E+00      0.000
   27078.0000  0.00000E+00  0.00000E+00 -0.19696E-10  0.00000E+00 -0.92615E-05  0.00000E+00  0.00000E+00 -0.17078E-05  0.00000E+00 -0.62830E+00 -0.14736E+04  0.00000E+00 -0.29621E+04  0.00000E+00  0.00000E+00  0.76249E+00  0.00000E+00  0.13477E-05    215  0.00000E+00      0.000
   27229.0000  0.00000E+00  0.00000E+00 -0.18474E-10  0.00000E+00 -0.90317E-05  0.00000E+00  0.00000E+00 -0.17106E-05  0.00000E+00 -0.62966E+00 -0.14837E+04  0.00000E+00 -0.29621E+04  0.00000E+00  0.00000E+00  0.76112E+00  0.00000E+00  0.13477E-05    216  0.00000E+00      0.000
   27379.0000  0.00000E+00  0.00000E+00 -0.35669E-11  0.00000E+00 -0.88139E-05  0.00000E+00  0.00000E+00 -0.17112E-05  0.00000E+00 -0.63098E+00 -0.14936E+04  0.00000E+00 -0.29621E+04  0.00000E+00  0.00000E+00  0.75980E+00  0.00000E+00  0.13477E-05    217  0.00000E+00      0.000
   27436.0000  0.00000E+00  0.00000E+00  0.20222E-10  0.00000E+00 -0.87327E-05  0.00000E+00  0.00000E+00 -0.17100E-05  0.00000E+00 -0.63148E+00 -0.14974E+04  0.00000E+00 -0.29621E+04  0.00000E+00  0.00000E+00  0.75930E+00  0.00000E+00  0.13488E-05    218  0.00000E+00      0.000
   27529.0000  0.00000E+00  0.00000E+00  0.17081E-10  0.00000E+00 -0.86041E-05  0.00000E+00  0.00000E+00 -0.17084E-05  0.00000E+00 -0.63228E+00 -0.15035E+04  0.00000E+00 -0.29621E+04  0.00000E+00  0.00000E+00  0.75850E+00  0.00000E+00  0.13504E-05    219  0.00000E+00      0.000
   27679.0000  0.00000E+00  0.00000E+00 -0.86544E-11  0.00000E+00 -0.84037E-05  0.00000E+00  0.00000E+00 -0.17097E-05  0.00000E+00 -0.63354E+00 -0.15133E+04  0.00000E+00 -0.29621E+04  0.00000E+00  0.00000E+00  0.75724E+00  0.00000E+00  0.13504E-05    220  0.00000E+00      0.000
   27830.0000  0.00000E+00  0.00000E+00 -0.11084E-11  0.00000E+00 -0.82087E-05  0.00000E+00  0.00000E+00 -0.17099E-05  0.00000E+00 -0.63478E+00 -0.15232E+04  0.00000E+00 -0.29621E+04  0.00000E+00  0.00000E+00  0.75600E+00  0.00000E+00  0.13504E-05    221  0.00000E+00      0.000
   27980.0000  0.00000E+00  0.00000E+00 -0.16342E-11  0.00000E+00 -0.80214E-05  0.00000E+00  0.00000E+00 -0.17101E-05  0.00000E+00 -0.63599E+00 -0.15332E+04  0.00000E+00 -0.29621E+04  0.00000E+00  0.00000E+00  0.75480E+00  0.00000E+00  0.13504E-05    222  0.00000E+00      0.000
   28130.0000  0.00000E+00  0.00000E+00  0.13330E-10  0.00000E+00 -0.78409E-05  0.00000E+00  0.00000E+00 -0.17081E-05  0.00000E+00 -0.63716E+00 -0.15434E+04  0.00000E+00 -0.29621E+04  0.00000E+00  0.00000E+00  0.75362E+00  0.00000E+00  0.13524E-05    223  0.00000E+00      0.000
   28280.0000  0.00000E+00  0.00000E+00 -0.13088E-10  0.00000E+00 -0.76676E-05  0.00000E+00  0.00000E+00 -0.17101E-05  0.00000E+00 -0.63831E+00 -0.15544E+04  0.00000E+00 -0.29621E+04  0.00000E+00  0.00000E+00  0.75247E+00  0.00000E+00  0.13524E-05    224  0.00000E+00      0.000
   28430.0000  0.00000E+00  0.00000E+00  0.22169E-11  0.00000E+00 -0.75012E-05  0.00000E+00  0.00000E+00 -0.17098E-05  0.00000E+00 -0.63944E+00 -0.15683E+04  0.00000E+00 -0.29621E+04  0.00000E+00  0.00000E+00  0.75135E+00  0.00000E+00  0.13527E-05    225  0.00000E+00      0.000
   28581.0000  0.00000E+00  0.00000E+00 -0.19469E-11  0.00000E+00 -0.73400E-05  0.00000E+00  0.00000E+00 -0.17101E-05  0.00000E+00 -0.64055E+00 -0.15813E+04  0.00000E+00 -0.29621E+04  0.00000E+00  0.00000E+00  0.75024E+00  0.00000E+00  0.13527E-05    226  0.00000E+00      0.000
   28731.0000  0.00000E+00  0.00000E+00  0.26148E-11  0.00000E+00 -0.71845E-05  0.00000E+00  0.00000E+00 -0.17097E-05  0.00000E+00 -0.64162E+00 -0.15937E+04  0.00000E+00 -0.29621E+04  0.00000E+00  0.00000E+00  0.74916E+00  0.00000E+00  0.13531E-05    227  0.00000E+00      0.000
   28871.0000  0.00000E+00  0.00000E+00  0.77307E-11  0.00000E+00 -0.70431E-05  0.00000E+00  0.00000E+00 -0.17086E-05  0.00000E+00 -0.64261E+00 -0.16048E+04  0.00000E+00 -0.29621E+04  0.00000E+00  0.00000E+00  0.74818E+00  0.00000E+00  0.13542E-05    228  0.00000E+00      0.000
   29151.0000  0.00000E+00  0.00000E+00 -0.13841E-10  0.00000E+00 -0.67745E-05  0.00000E+00  0.00000E+00 -0.17125E-05  0.00000E+00 -0.64451E+00 -0.16257E+04  0.00000E+00 -0.29621E+04  0.00000E+00  0.00000E+00  0.74628E+00  0.00000E+00  0.13542E-05    229  0.00000E+00      0.000
   29451.0000  0.00000E+00  0.00000E+00 -0.14211E-11  0.00000E+00 -0.65042E-05  0.00000E+00  0.00000E+00 -0.17129E-05  0.00000E+00 -0.64646E+00 -0.16470E+04  0.00000E+00 -0.29621E+04  0.00000E+00  0.00000E+00  0.74433E+00  0.00000E+00  0.13542E-05    230  0.00000E+00      0.000
   29751.0000  0.00000E+00  0.00000E+00  0.19327E-11  0.00000E+00 -0.62489E-05  0.00000E+00  0.00000E+00 -0.17123E-05  0.00000E+00 -0.64833E+00 -0.16671E+04  0.00000E+00 -0.29621E+04  0.00000E+00  0.00000E+00  0.74245E+00  0.00000E+00  0.13548E-05    231  0.00000E+00      0.000
   30051.0000  0.00000E+00  0.00000E+00  0.66080E-11  0.00000E+00 -0.60068E-05  0.00000E+00  0.00000E+00 -0.17103E-05  0.00000E+00 -0.65013E+00 -0.16864E+04  0.00000E+00 -0.29621E+04  0.00000E+00  0.00000E+00  0.74065E+00  0.00000E+00  0.13568E-05    232  0.00000E+00      0.000
   30201.5000  0.00000E+00  0.00000E+00  0.76454E-11  0.00000E+00 -0.58889E-05  0.00000E+00  0.00000E+00 -0.17092E-05  0.00000E+00 -0.65102E+00 -0.16960E+04  0.00000E+00 -0.29621E+04  0.00000E+00  0.00000E+00  0.73976E+00  0.00000E+00  0.13579E-05    233  0.00000E+00      0.000
   30352.0000  0.00000E+00  0.00000E+00 -0.14779E-11  0.00000E+00 -0.57753E-05  0.00000E+00  0.00000E+00 -0.17094E-05  0.00000E+00 -0.65189E+00 -0.17052E+04  0.00000E+00 -0.29621E+04  0.00000E+00  0.00000E+00  0.73889E+00  0.00000E+00  0.13579E-05    234  0.00000E+00      0.000
   30652.0000  0.00000E+00  0.00000E+00 -0.34817E-11  0.00000E+00 -0.55611E-05  0.00000E+00  0.00000E+00 -0.17104E-05  0.00000E+00 -0.65356E+00 -0.17229E+04  0.00000E+00 -0.29621E+04  0.00000E+00  0.00000E+00  0.73723E+00  0.00000E+00  0.13579E-05    235  0.00000E+00      0.000
   30952.0000  0.00000E+00  0.00000E+00 -0.61959E-11  0.00000E+00 -0.53573E-05  0.00000E+00  0.00000E+00 -0.17123E-05  0.00000E+00 -0.65516E+00 -0.17400E+04  0.00000E+00 -0.29621E+04  0.00000E+00  0.00000E+00  0.73562E+00  0.00000E+00  0.13579E-05    236  0.00000E+00      0.000
   31252.0000  0.00000E+00  0.00000E+00  0.36664E-11  0.00000E+00 -0.51648E-05  0.00000E+00  0.00000E+00 -0.17112E-05  0.00000E+00 -0.65671E+00 -0.17565E+04  0.00000E+00 -0.29621E+04  0.00000E+00  0.00000E+00  0.73407E+00  0.00000E+00  0.13590E-05    237  0.00000E+00      0.000
   31552.0000  0.00000E+00  0.00000E+00 -0.11653E-10  0.00000E+00 -0.49834E-05  0.00000E+00  0.00000E+00 -0.17147E-05  0.00000E+00 -0.65821E+00 -0.17724E+04  0.00000E+00 -0.29621E+04  0.00000E+00  0.00000E+00  0.73257E+00  0.00000E+00  0.13590E-05    238  0.00000E+00      0.000
   31852.0000  0.00000E+00  0.00000E+00 -0.33396E-11  0.00000E+00 -0.48115E-05  0.00000E+00  0.00000E+00 -0.17157E-05  0.00000E+00 -0.65965E+00 -0.17878E+04  0.00000E+00 -0.29621E+04  0.00000E+00  0.00000E+00  0.73113E+00  0.00000E+00  0.13590E-05    239  0.00000E+00      0.000
   32152.0000  0.00000E+00  0.00000E+00 -0.86118E-11  0.00000E+00 -0.46481E-05  0.00000E+00  0.00000E+00 -0.17183E-05  0.00000E+00 -0.66105E+00 -0.18028E+04  0.00000E+00 -0.29621E+04  0.00000E+00  0.00000E+00  0.72974E+00  0.00000E+00  0.13590E-05    240  0.00000E+00      0.000
   32452.0000  0.00000E+00  0.00000E+00 -0.24158E-12  0.00000E+00 -0.44938E-05  0.00000E+00  0.00000E+00 -0.17184E-05  0.00000E+00 -0.66239E+00 -0.18173E+04  0.00000E+00 -0.29621E+04  0.00000E+00  0.00000E+00  0.72839E+00  0.00000E+00  0.13590E-05    241  0.00000E+00      0.000
   32752.0000  0.00000E+00  0.00000E+00  0.43627E-11  0.00000E+00 -0.43476E-05  0.00000E+00  0.00000E+00 -0.17170E-05  0.00000E+00 -0.66370E+00 -0.18314E+04  0.00000E+00 -0.29621E+04  0.00000E+00  0.00000E+00  0.72708E+00  0.00000E+00  0.13603E-05    242  0.00000E+00      0.000
   33052.0000  0.00000E+00  0.00000E+00 -0.92726E-11  0.00000E+00 -0.42084E-05  0.00000E+00  0.00000E+00 -0.17198E-05  0.00000E+00 -0.66496E+00 -0.18453E+04  0.00000E+00 -0.29621E+04  0.00000E+00  0.00000E+00  0.72582E+00  0.00000E+00  0.13603E-05    243  0.00000E+00      0.000
   33352.0000  0.00000E+00  0.00000E+00 -0.38654E-11  0.00000E+00 -0.40761E-05  0.00000E+00  0.00000E+00 -0.17210E-05  0.00000E+00 -0.66618E+00 -0.18588E+04  0.00000E+00 -0.29621E+04  0.00000E+00  0.00000E+00  0.72460E+00  0.00000E+00  0.13603E-05    244  0.00000E+00      0.000
   33652.0000  0.00000E+00  0.00000E+00 -0.25011E-11  0.00000E+00 -0.39506E-05  0.00000E+00  0.00000E+00 -0.17217E-05  0.00000E+00 -0.66737E+00 -0.18720E+04  0.00000E+00 -0.29621E+04  0.00000E+00  0.00000E+00  0.72341E+00  0.00000E+00  0.13603E-05    245  0.00000E+00      0.000
   33952.0000  0.00000E+00  0.00000E+00 -0.51301E-11  0.00000E+00 -0.38308E-05  0.00000E+00  0.00000E+00 -0.17233E-05  0.00000E+00 -0.66852E+00 -0.18851E+04  0.00000E+00 -0.29621E+04  0.00000E+00  0.00000E+00  0.72226E+00  0.00000E+00  0.13603E-05    246  0.00000E+00      0.000
   34252.0000  0.00000E+00  0.00000E+00 -0.58265E-11  0.00000E+00 -0.37166E-05  0.00000E+00  0.00000E+00 -0.17250E-05  0.00000E+00 -0.66963E+00 -0.18979E+04  0.00000E+00 -0.29621E+04  0.00000E+00  0.00000E+00  0.72115E+00  0.00000E+00  0.13603E-05    247  0.00000E+00      0.000
   34552.0000  0.00000E+00  0.00000E+00  0.39222E-11  0.00000E+00 -0.36078E-05  0.00000E+00  0.00000E+00 -0.17238E-05  0.00000E+00 -0.67072E+00 -0.19107E+04  0.00000E+00 -0.29621E+04  0.00000E+00  0.00000E+00  0.72007E+00  0.00000E+00  0.13615E-05    248  0.00000E+00      0.000
   34702.5000  0.00000E+00  0.00000E+00 -0.10800E-11  0.00000E+00 -0.35546E-05  0.00000E+00  0.00000E+00 -0.17240E-05  0.00000E+00 -0.67125E+00 -0.19171E+04  0.00000E+00 -0.29621E+04  0.00000E+00  0.00000E+00  0.71953E+00  0.00000E+00  0.13615E-05    249  0.00000E+00      0.000
   34853.0000  0.00000E+00  0.00000E+00  0.15703E-11  0.00000E+00 -0.35026E-05  0.00000E+00  0.00000E+00 -0.17238E-05  0.00000E+00 -0.67178E+00 -0.19235E+04  0.00000E+00 -0.29621E+04  0.00000E+00  0.00000E+00  0.71901E+00  0.00000E+00  0.13618E-05    250  0.00000E+00      0.000
   35153.0000  0.00000E+00  0.00000E+00  0.30127E-11  0.00000E+00 -0.34029E-05  0.00000E+00  0.00000E+00 -0.17229E-05  0.00000E+00 -0.67280E+00 -0.19364E+04  0.00000E+00 -0.29621E+04  0.00000E+00  0.00000E+00  0.71798E+00  0.00000E+00  0.13627E-05    251  0.00000E+00      0.000
   35453.0000  0.00000E+00  0.00000E+00 -0.51443E-11  0.00000E+00 -0.33078E-05  0.00000E+00  0.00000E+00 -0.17244E-05  0.00000E+00 -0.67379E+00 -0.19496E+04  0.00000E+00 -0.29621E+04  0.00000E+00  0.00000E+00  0.71699E+00  0.00000E+00  0.13627E-05    252  0.00000E+00      0.000
   35753.0000  0.00000E+00  0.00000E+00 -0.17479E-11  0.00000E+00 -0.32167E-05  0.00000E+00  0.00000E+00 -0.17249E-05  0.00000E+00 -0.67476E+00 -0.19643E+04  0.00000E+00 -0.29621E+04  0.00000E+00  0.00000E+00  0.71603E+00  0.00000E+00  0.13627E-05    253  0.00000E+00      0.000
   36053.0000  0.00000E+00  0.00000E+00  0.15419E-11  0.00000E+00 -0.31288E-05  0.00000E+00  0.00000E+00 -0.17245E-05  0.00000E+00 -0.67570E+00 -0.19823E+04  0.00000E+00 -0.29621E+04  0.00000E+00  0.00000E+00  0.71509E+00  0.00000E+00  0.13631E-05    254  0.00000E+00      0.000
   36353.0000  0.00000E+00  0.00000E+00  0.91660E-12  0.00000E+00 -0.30444E-05  0.00000E+00  0.00000E+00 -0.17242E-05  0.00000E+00 -0.67661E+00 -0.19986E+04  0.00000E+00 -0.29621E+04  0.00000E+00  0.00000E+00  0.71418E+00  0.00000E+00  0.13634E-05    255  0.00000E+00      0.000
   36653.0000  0.00000E+00  0.00000E+00 -0.74607E-12  0.00000E+00 -0.29632E-05  0.00000E+00  0.00000E+00 -0.17244E-05  0.00000E+00 -0.67750E+00 -0.20144E+04  0.00000E+00 -0.29621E+04  0.00000E+00  0.00000E+00  0.71329E+00  0.00000E+00  0.13634E-05    256  0.00000E+00      0.000
   36953.0000  0.00000E+00  0.00000E+00 -0.58762E-11  0.00000E+00 -0.28844E-05  0.00000E+00  0.00000E+00 -0.17262E-05  0.00000E+00 -0.67836E+00 -0.20293E+04  0.00000E+00 -0.29621E+04  0.00000E+00  0.00000E+00  0.71242E+00  0.00000E+00  0.13634E-05    257  0.00000E+00      0.000
   37253.0000  0.00000E+00  0.00000E+00 -0.34674E-11  0.00000E+00 -0.28084E-05  0.00000E+00  0.00000E+00 -0.17272E-05  0.00000E+00 -0.67921E+00 -0.20437E+04  0.00000E+00 -0.29621E+04  0.00000E+00  0.00000E+00  0.71158E+00  0.00000E+00  0.13634E-05    258  0.00000E+00      0.000
   37553.0000  0.00000E+00  0.00000E+00 -0.79794E-11  0.00000E+00 -0.27351E-05  0.00000E+00  0.00000E+00 -0.17296E-05  0.00000E+00 -0.68003E+00 -0.20575E+04  0.00000E+00 -0.29621E+04  0.00000E+00  0.00000E+00  0.71076E+00  0.00000E+00  0.13634E-05    259  0.00000E+00      0.000
   37853.0000  0.00000E+00  0.00000E+00  0.11369E-12  0.00000E+00 -0.26636E-05  0.00000E+00  0.00000E+00 -0.17296E-05  0.00000E+00 -0.68083E+00 -0.20709E+04  0.00000E+00 -0.29621E+04  0.00000E+00  0.00000E+00  0.70996E+00  0.00000E+00  0.13634E-05    260  0.00000E+00      0.000
   38153.0000  0.00000E+00  0.00000E+00 -0.37943E-11  0.00000E+00 -0.25948E-05  0.00000E+00  0.00000E+00 -0.17307E-05  0.00000E+00 -0.68160E+00 -0.20839E+04  0.00000E+00 -0.29621E+04  0.00000E+00  0.00000E+00  0.70918E+00  0.00000E+00  0.13634E-05    261  0.00000E+00      0.000
   38453.0000  0.00000E+00  0.00000E+00  0.25722E-11  0.00000E+00 -0.25284E-05  0.00000E+00  0.00000E+00 -0.17300E-05  0.00000E+00 -0.68236E+00 -0.20965E+04  0.00000E+00 -0.29621E+04  0.00000E+00  0.00000E+00  0.70842E+00  0.00000E+00  0.13642E-05    262  0.00000E+00      0.000
   38753.0000  0.00000E+00  0.00000E+00  0.41425E-11  0.00000E+00 -0.24639E-05  0.00000E+00  0.00000E+00 -0.17287E-05  0.00000E+00 -0.68310E+00 -0.21088E+04  0.00000E+00 -0.29621E+04  0.00000E+00  0.00000E+00  0.70768E+00  0.00000E+00  0.13654E-05    263  0.00000E+00      0.000
   38903.5000  0.00000E+00  0.00000E+00  0.23945E-11  0.00000E+00 -0.24321E-05  0.00000E+00  0.00000E+00 -0.17284E-05  0.00000E+00 -0.68347E+00 -0.21148E+04  0.00000E+00 -0.29621E+04  0.00000E+00  0.00000E+00  0.70732E+00  0.00000E+00  0.13658E-05    264  0.00000E+00      0.000
   39054.0000  0.00000E+00  0.00000E+00  0.77023E-11  0.00000E+00 -0.24010E-05  0.00000E+00  0.00000E+00 -0.17272E-05  0.00000E+00 -0.68383E+00 -0.21208E+04  0.00000E+00 -0.29621E+04  0.00000E+00  0.00000E+00  0.70696E+00  0.00000E+00  0.13670E-05    265  0.00000E+00      0.000
   39354.0000  0.00000E+00  0.00000E+00 -0.78018E-11  0.00000E+00 -0.23410E-05  0.00000E+00  0.00000E+00 -0.17295E-05  0.00000E+00 -0.68453E+00 -0.21324E+04  0.00000E+00 -0.29621E+04  0.00000E+00  0.00000E+00  0.70625E+00  0.00000E+00  0.13670E-05    266  0.00000E+00      0.000
   39654.0000  0.00000E+00  0.00000E+00 -0.57909E-11  0.00000E+00 -0.22828E-05  0.00000E+00  0.00000E+00 -0.17313E-05  0.00000E+00 -0.68522E+00 -0.21436E+04  0.00000E+00 -0.29621E+04  0.00000E+00  0.00000E+00  0.70557E+00  0.00000E+00  0.13670E-05    267  0.00000E+00      0.000
   39954.0000  0.00000E+00  0.00000E+00 -0.40536E-11  0.00000E+00 -0.22266E-05  0.00000E+00  0.00000E+00 -0.17325E-05  0.00000E+00 -0.68588E+00 -0.21546E+04  0.00000E+00 -0.29621E+04  0.00000E+00  0.00000E+00  0.70490E+00  0.00000E+00  0.13670E-05    268  0.00000E+00      0.000
   40254.0000  0.00000E+00  0.00000E+00 -0.64411E-11  0.00000E+00 -0.21725E-05  0.00000E+00  0.00000E+00 -0.17344E-05  0.00000E+00 -0.68654E+00 -0.21654E+04  0.00000E+00 -0.29621E+04  0.00000E+00  0.00000E+00  0.70425E+00  0.00000E+00  0.13670E-05    269  0.00000E+00      0.000
   40554.0000  0.00000E+00  0.00000E+00  0.20677E-11  0.00000E+00 -0.21201E-05  0.00000E+00  0.00000E+00 -0.17338E-05  0.00000E+00 -0.68717E+00 -0.21758E+04  0.00000E+00 -0.29621E+04  0.00000E+00  0.00000E+00  0.70361E+00  0.00000E+00  0.13676E-05    270  0.00000E+00      0.000
   40854.0000  0.00000E+00  0.00000E+00  0.28741E-11  0.00000E+00 -0.20694E-05  0.00000E+00  0.00000E+00 -0.17329E-05  0.00000E+00 -0.68779E+00 -0.21861E+04  0.00000E+00 -0.29621E+04  0.00000E+00  0.00000E+00  0.70299E+00  0.00000E+00  0.13685E-05    271  0.00000E+00      0.000
   41154.0000  0.00000E+00  0.00000E+00  0.65548E-11  0.00000E+00 -0.20206E-05  0.00000E+00  0.00000E+00 -0.17310E-05  0.00000E+00 -0.68840E+00 -0.21961E+04  0.00000E+00 -0.29621E+04  0.00000E+00  0.00000E+00  0.70239E+00  0.00000E+00  0.13704E-05    272  0.00000E+00      0.000
end
